<?xml version="1.0" encoding="UTF-8"?>
<coverage generated="1542507468436" clover="3.2.0">
  <project timestamp="1542507468436" name="All files">
    <metrics statements="168" coveredstatements="97" conditionals="94" coveredconditionals="19" methods="77" coveredmethods="29" elements="339" coveredelements="145" complexity="0" loc="168" ncloc="168" packages="2" files="11" classes="11">
      <package name="components">
        <metrics statements="120" coveredstatements="51" conditionals="70" coveredconditionals="1" methods="59" coveredmethods="13"/>
        <file name="LoginForm.js" path="/Users/bryanbrazalesmolina/Desktop/cpen321/CPEN321_CUP_O_JAVA/rental_tinder/src/components/LoginForm.js">
          <metrics statements="33" coveredstatements="14" conditionals="13" coveredconditionals="1" methods="16" coveredmethods="6"/>
          <line num="1" count="1" type="stmt"/>
          <line num="2" count="1" type="stmt"/>
          <line num="3" count="1" type="stmt"/>
          <line num="7" count="1" type="stmt"/>
          <line num="9" count="1" type="stmt"/>
          <line num="10" count="1" type="stmt"/>
          <line num="11" count="1" type="stmt"/>
          <line num="17" count="1" type="cond" truecount="1" falsecount="3"/>
          <line num="18" count="0" type="stmt"/>
          <line num="20" count="0" type="cond" truecount="0" falsecount="2"/>
          <line num="21" count="1" type="stmt"/>
          <line num="24" count="0" type="cond" truecount="0" falsecount="3"/>
          <line num="26" count="0" type="cond" truecount="0" falsecount="2"/>
          <line num="27" count="0" type="stmt"/>
          <line num="28" count="0" type="stmt"/>
          <line num="33" count="0" type="stmt"/>
          <line num="44" count="0" type="stmt"/>
          <line num="47" count="0" type="cond" truecount="0" falsecount="2"/>
          <line num="49" count="0" type="stmt"/>
          <line num="52" count="0" type="stmt"/>
          <line num="53" count="0" type="stmt"/>
          <line num="56" count="0" type="stmt"/>
          <line num="57" count="0" type="stmt"/>
          <line num="61" count="0" type="stmt"/>
          <line num="62" count="0" type="stmt"/>
          <line num="65" count="1" type="stmt"/>
          <line num="98" count="1" type="stmt"/>
          <line num="99" count="1" type="stmt"/>
          <line num="109" count="0" type="stmt"/>
          <line num="121" count="0" type="stmt"/>
          <line num="136" count="0" type="stmt"/>
          <line num="143" count="1" type="stmt"/>
          <line num="145" count="1" type="stmt"/>
        </file>
        <file name="PostForm.js" path="/Users/bryanbrazalesmolina/Desktop/cpen321/CPEN321_CUP_O_JAVA/rental_tinder/src/components/PostForm.js">
          <metrics statements="37" coveredstatements="17" conditionals="27" coveredconditionals="0" methods="19" coveredmethods="3"/>
          <line num="1" count="1" type="stmt"/>
          <line num="2" count="1" type="stmt"/>
          <line num="3" count="1" type="stmt"/>
          <line num="5" count="1" type="stmt"/>
          <line num="8" count="1" type="stmt"/>
          <line num="9" count="1" type="stmt"/>
          <line num="11" count="1" type="stmt"/>
          <line num="13" count="1" type="stmt"/>
          <line num="14" count="1" type="stmt"/>
          <line num="39" count="1" type="stmt"/>
          <line num="41" count="1" type="stmt"/>
          <line num="43" count="1" type="stmt"/>
          <line num="45" count="1" type="stmt"/>
          <line num="48" count="0" type="stmt"/>
          <line num="49" count="0" type="stmt"/>
          <line num="51" count="1" type="stmt"/>
          <line num="54" count="0" type="stmt"/>
          <line num="55" count="0" type="stmt"/>
          <line num="56" count="1" type="stmt"/>
          <line num="130" count="0" type="cond" truecount="0" falsecount="5"/>
          <line num="133" count="0" type="stmt"/>
          <line num="136" count="0" type="cond" truecount="0" falsecount="4"/>
          <line num="138" count="0" type="stmt"/>
          <line num="146" count="0" type="stmt"/>
          <line num="149" count="0" type="cond" truecount="0" falsecount="2"/>
          <line num="151" count="0" type="stmt"/>
          <line num="153" count="0" type="cond" truecount="0" falsecount="2"/>
          <line num="155" count="0" type="stmt"/>
          <line num="158" count="0" type="stmt"/>
          <line num="163" count="0" type="cond" truecount="0" falsecount="4"/>
          <line num="164" count="0" type="stmt"/>
          <line num="168" count="0" type="cond" truecount="0" falsecount="2"/>
          <line num="169" count="0" type="stmt"/>
          <line num="174" count="0" type="cond" truecount="0" falsecount="2"/>
          <line num="175" count="0" type="stmt"/>
          <line num="183" count="1" type="cond" truecount="0" falsecount="6"/>
          <line num="189" count="1" type="stmt"/>
        </file>
        <file name="SignupForm.js" path="/Users/bryanbrazalesmolina/Desktop/cpen321/CPEN321_CUP_O_JAVA/rental_tinder/src/components/SignupForm.js">
          <metrics statements="23" coveredstatements="10" conditionals="23" coveredconditionals="0" methods="13" coveredmethods="3"/>
          <line num="1" count="1" type="stmt"/>
          <line num="2" count="1" type="stmt"/>
          <line num="3" count="1" type="stmt"/>
          <line num="5" count="1" type="stmt"/>
          <line num="7" count="1" type="stmt"/>
          <line num="9" count="1" type="stmt"/>
          <line num="10" count="1" type="stmt"/>
          <line num="14" count="1" type="stmt"/>
          <line num="100" count="0" type="cond" truecount="0" falsecount="5"/>
          <line num="102" count="0" type="stmt"/>
          <line num="105" count="0" type="cond" truecount="0" falsecount="4"/>
          <line num="107" count="0" type="stmt"/>
          <line num="112" count="0" type="stmt"/>
          <line num="119" count="0" type="stmt"/>
          <line num="120" count="0" type="stmt"/>
          <line num="124" count="0" type="cond" truecount="0" falsecount="4"/>
          <line num="126" count="0" type="stmt"/>
          <line num="130" count="0" type="cond" truecount="0" falsecount="2"/>
          <line num="131" count="0" type="stmt"/>
          <line num="136" count="0" type="cond" truecount="0" falsecount="2"/>
          <line num="137" count="0" type="stmt"/>
          <line num="145" count="1" type="cond" truecount="0" falsecount="6"/>
          <line num="150" count="1" type="stmt"/>
        </file>
        <file name="profile.js" path="/Users/bryanbrazalesmolina/Desktop/cpen321/CPEN321_CUP_O_JAVA/rental_tinder/src/components/profile.js">
          <metrics statements="27" coveredstatements="10" conditionals="7" coveredconditionals="0" methods="11" coveredmethods="1"/>
          <line num="1" count="1" type="stmt"/>
          <line num="2" count="1" type="stmt"/>
          <line num="3" count="1" type="stmt"/>
          <line num="4" count="1" type="stmt"/>
          <line num="6" count="1" type="stmt"/>
          <line num="8" count="1" type="stmt"/>
          <line num="9" count="1" type="stmt"/>
          <line num="10" count="0" type="stmt"/>
          <line num="11" count="0" type="stmt"/>
          <line num="27" count="0" type="stmt"/>
          <line num="30" count="0" type="stmt"/>
          <line num="32" count="0" type="stmt"/>
          <line num="33" count="0" type="stmt"/>
          <line num="35" count="0" type="stmt"/>
          <line num="38" count="0" type="stmt"/>
          <line num="39" count="0" type="cond" truecount="0" falsecount="5"/>
          <line num="45" count="0" type="stmt"/>
          <line num="47" count="0" type="stmt"/>
          <line num="49" count="0" type="cond" truecount="0" falsecount="2"/>
          <line num="51" count="0" type="stmt"/>
          <line num="52" count="1" type="stmt"/>
          <line num="58" count="0" type="stmt"/>
          <line num="61" count="0" type="stmt"/>
          <line num="62" count="0" type="stmt"/>
          <line num="71" count="0" type="stmt"/>
          <line num="102" count="1" type="stmt"/>
          <line num="105" count="1" type="stmt"/>
        </file>
      </package>
      <package name="components.common">
        <metrics statements="48" coveredstatements="46" conditionals="24" coveredconditionals="18" methods="18" coveredmethods="16"/>
        <file name="Button.js" path="/Users/bryanbrazalesmolina/Desktop/cpen321/CPEN321_CUP_O_JAVA/rental_tinder/src/components/common/Button.js">
          <metrics statements="7" coveredstatements="7" conditionals="0" coveredconditionals="0" methods="1" coveredmethods="1"/>
          <line num="1" count="1" type="stmt"/>
          <line num="2" count="1" type="stmt"/>
          <line num="4" count="5" type="stmt"/>
          <line num="5" count="5" type="stmt"/>
          <line num="7" count="5" type="stmt"/>
          <line num="14" count="1" type="stmt"/>
          <line num="16" count="1" type="stmt"/>
        </file>
        <file name="Card.js" path="/Users/bryanbrazalesmolina/Desktop/cpen321/CPEN321_CUP_O_JAVA/rental_tinder/src/components/common/Card.js">
          <metrics statements="6" coveredstatements="6" conditionals="0" coveredconditionals="0" methods="1" coveredmethods="1"/>
          <line num="1" count="1" type="stmt"/>
          <line num="2" count="1" type="stmt"/>
          <line num="4" count="1" type="stmt"/>
          <line num="5" count="3" type="stmt"/>
          <line num="10" count="1" type="stmt"/>
          <line num="12" count="1" type="stmt"/>
        </file>
        <file name="CardSection.js" path="/Users/bryanbrazalesmolina/Desktop/cpen321/CPEN321_CUP_O_JAVA/rental_tinder/src/components/common/CardSection.js">
          <metrics statements="6" coveredstatements="6" conditionals="0" coveredconditionals="0" methods="1" coveredmethods="1"/>
          <line num="1" count="1" type="stmt"/>
          <line num="2" count="1" type="stmt"/>
          <line num="4" count="1" type="stmt"/>
          <line num="5" count="16" type="stmt"/>
          <line num="10" count="1" type="stmt"/>
          <line num="12" count="1" type="stmt"/>
        </file>
        <file name="Header.js" path="/Users/bryanbrazalesmolina/Desktop/cpen321/CPEN321_CUP_O_JAVA/rental_tinder/src/components/common/Header.js">
          <metrics statements="8" coveredstatements="8" conditionals="0" coveredconditionals="0" methods="1" coveredmethods="1"/>
          <line num="1" count="1" type="stmt"/>
          <line num="2" count="1" type="stmt"/>
          <line num="3" count="1" type="stmt"/>
          <line num="6" count="1" type="stmt"/>
          <line num="7" count="1" type="stmt"/>
          <line num="9" count="1" type="stmt"/>
          <line num="14" count="1" type="stmt"/>
          <line num="16" count="1" type="stmt"/>
        </file>
        <file name="Input.js" path="/Users/bryanbrazalesmolina/Desktop/cpen321/CPEN321_CUP_O_JAVA/rental_tinder/src/components/common/Input.js">
          <metrics statements="7" coveredstatements="7" conditionals="0" coveredconditionals="0" methods="1" coveredmethods="1"/>
          <line num="1" count="1" type="stmt"/>
          <line num="2" count="1" type="stmt"/>
          <line num="4" count="9" type="stmt"/>
          <line num="5" count="9" type="stmt"/>
          <line num="7" count="9" type="stmt"/>
          <line num="21" count="1" type="stmt"/>
          <line num="23" count="1" type="stmt"/>
        </file>
        <file name="Welcome_header.js" path="/Users/bryanbrazalesmolina/Desktop/cpen321/CPEN321_CUP_O_JAVA/rental_tinder/src/components/common/Welcome_header.js">
          <metrics statements="8" coveredstatements="6" conditionals="0" coveredconditionals="0" methods="1" coveredmethods="0"/>
          <line num="1" count="1" type="stmt"/>
          <line num="2" count="1" type="stmt"/>
          <line num="3" count="1" type="stmt"/>
          <line num="6" count="1" type="stmt"/>
          <line num="7" count="0" type="stmt"/>
          <line num="9" count="0" type="stmt"/>
          <line num="14" count="1" type="stmt"/>
          <line num="16" count="1" type="stmt"/>
        </file>
        <file name="index.js" path="/Users/bryanbrazalesmolina/Desktop/cpen321/CPEN321_CUP_O_JAVA/rental_tinder/src/components/common/index.js">
          <metrics statements="6" coveredstatements="6" conditionals="24" coveredconditionals="18" methods="12" coveredmethods="11"/>
          <line num="1" count="5" type="cond" truecount="3" falsecount="1"/>
          <line num="2" count="3" type="cond" truecount="3" falsecount="1"/>
          <line num="3" count="16" type="cond" truecount="3" falsecount="1"/>
          <line num="4" count="1" type="cond" truecount="3" falsecount="1"/>
          <line num="5" count="9" type="cond" truecount="3" falsecount="1"/>
          <line num="6" count="1" type="cond" truecount="3" falsecount="1"/>
        </file>
      </package>
    </metrics>
  </project>
</coverage>
