{"/Users/bryanbrazalesmolina/Desktop/cpen321/CPEN321_CUP_O_JAVA/rental_tinder/src/components/LoginForm.js": {"path":"/Users/bryanbrazalesmolina/Desktop/cpen321/CPEN321_CUP_O_JAVA/rental_tinder/src/components/LoginForm.js","statementMap":{"0":{"start":{"line":1,"column":42},"end":{"line":1,"column":97}},"1":{"start":{"line":1,"column":128},"end":{"line":1,"column":184}},"2":{"start":{"line":1,"column":185},"end":{"line":1,"column":247}},"3":{"start":{"line":1,"column":247},"end":{"line":1,"column":272}},"4":{"start":{"line":1,"column":291},"end":{"line":1,"column":352}},"5":{"start":{"line":1,"column":376},"end":{"line":1,"column":448}},"6":{"start":{"line":1,"column":469},"end":{"line":1,"column":538}},"7":{"start":{"line":1,"column":573},"end":{"line":1,"column":656}},"8":{"start":{"line":1,"column":680},"end":{"line":1,"column":752}},"9":{"start":{"line":1,"column":770},"end":{"line":1,"column":836}},"10":{"start":{"line":1,"column":850},"end":{"line":1,"column":891}},"11":{"start":{"line":2,"column":19},"end":{"line":2,"column":42}},"12":{"start":{"line":3,"column":14},"end":{"line":3,"column":33}},"13":{"start":{"line":7,"column":23},"end":{"line":7,"column":50}},"14":{"start":{"line":7,"column":70},"end":{"line":7,"column":175}},"15":{"start":{"line":9,"column":12},"end":{"line":143,"column":46}},"16":{"start":{"line":9,"column":35},"end":{"line":9,"column":82}},"17":{"start":{"line":10,"column":39},"end":{"line":10,"column":86}},"18":{"start":{"line":11,"column":4},"end":{"line":11,"column":119}},"19":{"start":{"line":11,"column":119},"end":{"line":21,"column":117}},"20":{"start":{"line":17,"column":54},"end":{"line":21,"column":115}},"21":{"start":{"line":17,"column":117},"end":{"line":21,"column":100}},"22":{"start":{"line":17,"column":128},"end":{"line":21,"column":99}},"23":{"start":{"line":17,"column":175},"end":{"line":17,"column":193}},"24":{"start":{"line":17,"column":193},"end":{"line":18,"column":57}},"25":{"start":{"line":18,"column":64},"end":{"line":18,"column":86}},"26":{"start":{"line":20,"column":14},"end":{"line":21,"column":57}},"27":{"start":{"line":21,"column":14},"end":{"line":21,"column":57}},"28":{"start":{"line":21,"column":75},"end":{"line":21,"column":98}},"29":{"start":{"line":21,"column":117},"end":{"line":65,"column":76}},"30":{"start":{"line":24,"column":33},"end":{"line":65,"column":74}},"31":{"start":{"line":24,"column":98},"end":{"line":65,"column":59}},"32":{"start":{"line":24,"column":109},"end":{"line":65,"column":58}},"33":{"start":{"line":26,"column":14},"end":{"line":65,"column":15}},"34":{"start":{"line":27,"column":16},"end":{"line":27,"column":70}},"35":{"start":{"line":28,"column":16},"end":{"line":28,"column":59}},"36":{"start":{"line":33,"column":16},"end":{"line":63,"column":19}},"37":{"start":{"line":44,"column":42},"end":{"line":44,"column":65}},"38":{"start":{"line":47,"column":18},"end":{"line":59,"column":19}},"39":{"start":{"line":49,"column":33},"end":{"line":49,"column":61}},"40":{"start":{"line":52,"column":20},"end":{"line":52,"column":74}},"41":{"start":{"line":53,"column":20},"end":{"line":53,"column":87}},"42":{"start":{"line":53,"column":34},"end":{"line":53,"column":84}},"43":{"start":{"line":56,"column":20},"end":{"line":56,"column":39}},"44":{"start":{"line":57,"column":20},"end":{"line":57,"column":85}},"45":{"start":{"line":57,"column":34},"end":{"line":57,"column":82}},"46":{"start":{"line":61,"column":18},"end":{"line":61,"column":67}},"47":{"start":{"line":62,"column":18},"end":{"line":62,"column":59}},"48":{"start":{"line":65,"column":33},"end":{"line":65,"column":57}},"49":{"start":{"line":65,"column":76},"end":{"line":65,"column":131}},"50":{"start":{"line":65,"column":131},"end":{"line":65,"column":144}},"51":{"start":{"line":65,"column":145},"end":{"line":143,"column":10}},"52":{"start":{"line":65,"column":249},"end":{"line":65,"column":281}},"53":{"start":{"line":98,"column":18},"end":{"line":98,"column":22}},"54":{"start":{"line":99,"column":6},"end":{"line":136,"column":209}},"55":{"start":{"line":109,"column":57},"end":{"line":109,"column":104}},"56":{"start":{"line":121,"column":57},"end":{"line":121,"column":104}},"57":{"start":{"line":136,"column":84},"end":{"line":136,"column":134}},"58":{"start":{"line":143,"column":10},"end":{"line":143,"column":27}},"59":{"start":{"line":145,"column":0},"end":{"line":145,"column":9}},"60":{"start":{"line":145,"column":10},"end":{"line":145,"column":37}}},"fnMap":{"0":{"name":"(anonymous_0)","decl":{"start":{"line":9,"column":12},"end":{"line":9,"column":13}},"loc":{"start":{"line":9,"column":34},"end":{"line":143,"column":28}},"line":9},"1":{"name":"LoginForm","decl":{"start":{"line":10,"column":11},"end":{"line":10,"column":20}},"loc":{"start":{"line":10,"column":28},"end":{"line":65,"column":145}},"line":10},"2":{"name":"_callee","decl":{"start":{"line":17,"column":33},"end":{"line":17,"column":40}},"loc":{"start":{"line":17,"column":43},"end":{"line":21,"column":116}},"line":17},"3":{"name":"_callee$","decl":{"start":{"line":17,"column":97},"end":{"line":17,"column":105}},"loc":{"start":{"line":17,"column":116},"end":{"line":21,"column":101}},"line":17},"4":{"name":"_callee2","decl":{"start":{"line":24,"column":21},"end":{"line":24,"column":29}},"loc":{"start":{"line":24,"column":32},"end":{"line":65,"column":75}},"line":24},"5":{"name":"_callee2$","decl":{"start":{"line":24,"column":76},"end":{"line":24,"column":85}},"loc":{"start":{"line":24,"column":97},"end":{"line":65,"column":60}},"line":24},"6":{"name":"(anonymous_6)","decl":{"start":{"line":44,"column":21},"end":{"line":44,"column":22}},"loc":{"start":{"line":44,"column":41},"end":{"line":44,"column":66}},"line":44},"7":{"name":"(anonymous_7)","decl":{"start":{"line":45,"column":21},"end":{"line":45,"column":22}},"loc":{"start":{"line":45,"column":36},"end":{"line":60,"column":17}},"line":45},"8":{"name":"(anonymous_8)","decl":{"start":{"line":53,"column":21},"end":{"line":53,"column":22}},"loc":{"start":{"line":53,"column":33},"end":{"line":53,"column":85}},"line":53},"9":{"name":"(anonymous_9)","decl":{"start":{"line":57,"column":21},"end":{"line":57,"column":22}},"loc":{"start":{"line":57,"column":33},"end":{"line":57,"column":83}},"line":57},"10":{"name":"(anonymous_10)","decl":{"start":{"line":60,"column":25},"end":{"line":60,"column":26}},"loc":{"start":{"line":60,"column":42},"end":{"line":63,"column":17}},"line":60},"11":{"name":"componentDidMount","decl":{"start":{"line":65,"column":228},"end":{"line":65,"column":245}},"loc":{"start":{"line":65,"column":248},"end":{"line":65,"column":282}},"line":65},"12":{"name":"render","decl":{"start":{"line":65,"column":319},"end":{"line":65,"column":325}},"loc":{"start":{"line":98,"column":4},"end":{"line":143,"column":5}},"line":98},"13":{"name":"onChangeText","decl":{"start":{"line":109,"column":33},"end":{"line":109,"column":45}},"loc":{"start":{"line":109,"column":56},"end":{"line":109,"column":105}},"line":109},"14":{"name":"onChangeText","decl":{"start":{"line":121,"column":33},"end":{"line":121,"column":45}},"loc":{"start":{"line":121,"column":56},"end":{"line":121,"column":105}},"line":121},"15":{"name":"onPress","decl":{"start":{"line":136,"column":73},"end":{"line":136,"column":80}},"loc":{"start":{"line":136,"column":83},"end":{"line":136,"column":135}},"line":136}},"branchMap":{"0":{"loc":{"start":{"line":17,"column":128},"end":{"line":21,"column":99}},"type":"switch","locations":[{"start":{"line":17,"column":168},"end":{"line":18,"column":57}},{"start":{"line":18,"column":57},"end":{"line":21,"column":57}},{"start":{"line":21,"column":57},"end":{"line":21,"column":64}},{"start":{"line":21,"column":64},"end":{"line":21,"column":98}}],"line":17},"1":{"loc":{"start":{"line":20,"column":14},"end":{"line":21,"column":57}},"type":"if","locations":[{"start":{"line":20,"column":14},"end":{"line":21,"column":57}},{"start":{"line":20,"column":14},"end":{"line":21,"column":57}}],"line":20},"2":{"loc":{"start":{"line":24,"column":109},"end":{"line":65,"column":58}},"type":"switch","locations":[{"start":{"line":24,"column":151},"end":{"line":65,"column":15}},{"start":{"line":65,"column":15},"end":{"line":65,"column":22}},{"start":{"line":65,"column":22},"end":{"line":65,"column":57}}],"line":24},"3":{"loc":{"start":{"line":26,"column":14},"end":{"line":65,"column":15}},"type":"if","locations":[{"start":{"line":26,"column":14},"end":{"line":65,"column":15}},{"start":{"line":26,"column":14},"end":{"line":65,"column":15}}],"line":26},"4":{"loc":{"start":{"line":47,"column":18},"end":{"line":59,"column":19}},"type":"if","locations":[{"start":{"line":47,"column":18},"end":{"line":59,"column":19}},{"start":{"line":47,"column":18},"end":{"line":59,"column":19}}],"line":47}},"s":{"0":1,"1":1,"2":1,"3":1,"4":1,"5":1,"6":1,"7":1,"8":1,"9":1,"10":1,"11":1,"12":1,"13":1,"14":1,"15":1,"16":1,"17":1,"18":1,"19":1,"20":1,"21":1,"22":1,"23":1,"24":1,"25":0,"26":0,"27":0,"28":0,"29":1,"30":0,"31":0,"32":0,"33":0,"34":0,"35":0,"36":0,"37":0,"38":0,"39":0,"40":0,"41":0,"42":0,"43":0,"44":0,"45":0,"46":0,"47":0,"48":0,"49":1,"50":1,"51":1,"52":1,"53":1,"54":1,"55":0,"56":0,"57":0,"58":1,"59":1,"60":1},"f":{"0":1,"1":1,"2":1,"3":1,"4":0,"5":0,"6":0,"7":0,"8":0,"9":0,"10":0,"11":1,"12":1,"13":0,"14":0,"15":0},"b":{"0":[1,0,0,0],"1":[0,0],"2":[0,0,0],"3":[0,0],"4":[0,0]},"_coverageSchema":"332fd63041d2c1bcb487cc26dd0d5f7d97098a6c","hash":"76bd38a98a471770d6a6073829e4bf239d313fc4"}
,"/Users/bryanbrazalesmolina/Desktop/cpen321/CPEN321_CUP_O_JAVA/rental_tinder/src/components/PostForm.js": {"path":"/Users/bryanbrazalesmolina/Desktop/cpen321/CPEN321_CUP_O_JAVA/rental_tinder/src/components/PostForm.js","statementMap":{"0":{"start":{"line":1,"column":42},"end":{"line":1,"column":97}},"1":{"start":{"line":1,"column":128},"end":{"line":1,"column":184}},"2":{"start":{"line":1,"column":185},"end":{"line":1,"column":247}},"3":{"start":{"line":1,"column":247},"end":{"line":1,"column":272}},"4":{"start":{"line":1,"column":291},"end":{"line":1,"column":352}},"5":{"start":{"line":1,"column":376},"end":{"line":1,"column":448}},"6":{"start":{"line":1,"column":469},"end":{"line":1,"column":538}},"7":{"start":{"line":1,"column":573},"end":{"line":1,"column":656}},"8":{"start":{"line":1,"column":680},"end":{"line":1,"column":752}},"9":{"start":{"line":1,"column":770},"end":{"line":1,"column":836}},"10":{"start":{"line":1,"column":850},"end":{"line":1,"column":891}},"11":{"start":{"line":2,"column":14},"end":{"line":2,"column":33}},"12":{"start":{"line":3,"column":19},"end":{"line":3,"column":42}},"13":{"start":{"line":5,"column":38},"end":{"line":5,"column":107}},"14":{"start":{"line":5,"column":127},"end":{"line":5,"column":231}},"15":{"start":{"line":8,"column":21},"end":{"line":8,"column":22}},"16":{"start":{"line":9,"column":17},"end":{"line":9,"column":19}},"17":{"start":{"line":11,"column":11},"end":{"line":183,"column":4268}},"18":{"start":{"line":11,"column":34},"end":{"line":11,"column":80}},"19":{"start":{"line":13,"column":38},"end":{"line":13,"column":84}},"20":{"start":{"line":14,"column":4},"end":{"line":14,"column":118}},"21":{"start":{"line":14,"column":118},"end":{"line":39,"column":105}},"22":{"start":{"line":39,"column":43},"end":{"line":39,"column":103}},"23":{"start":{"line":39,"column":105},"end":{"line":41,"column":101}},"24":{"start":{"line":41,"column":41},"end":{"line":41,"column":99}},"25":{"start":{"line":41,"column":101},"end":{"line":43,"column":106}},"26":{"start":{"line":43,"column":43},"end":{"line":43,"column":104}},"27":{"start":{"line":43,"column":106},"end":{"line":45,"column":102}},"28":{"start":{"line":45,"column":41},"end":{"line":45,"column":100}},"29":{"start":{"line":45,"column":102},"end":{"line":51,"column":6}},"30":{"start":{"line":48,"column":6},"end":{"line":48,"column":42}},"31":{"start":{"line":49,"column":6},"end":{"line":49,"column":38}},"32":{"start":{"line":51,"column":6},"end":{"line":56,"column":6}},"33":{"start":{"line":54,"column":6},"end":{"line":54,"column":40}},"34":{"start":{"line":55,"column":6},"end":{"line":55,"column":36}},"35":{"start":{"line":56,"column":6},"end":{"line":183,"column":77}},"36":{"start":{"line":130,"column":50},"end":{"line":183,"column":75}},"37":{"start":{"line":130,"column":113},"end":{"line":183,"column":60}},"38":{"start":{"line":130,"column":124},"end":{"line":183,"column":59}},"39":{"start":{"line":130,"column":171},"end":{"line":130,"column":189}},"40":{"start":{"line":130,"column":189},"end":{"line":133,"column":59}},"41":{"start":{"line":133,"column":66},"end":{"line":133,"column":84}},"42":{"start":{"line":133,"column":84},"end":{"line":134,"column":65}},"43":{"start":{"line":136,"column":14},"end":{"line":183,"column":17}},"44":{"start":{"line":138,"column":16},"end":{"line":159,"column":26}},"45":{"start":{"line":146,"column":42},"end":{"line":146,"column":65}},"46":{"start":{"line":149,"column":18},"end":{"line":152,"column":19}},"47":{"start":{"line":151,"column":20},"end":{"line":151,"column":39}},"48":{"start":{"line":153,"column":18},"end":{"line":156,"column":19}},"49":{"start":{"line":155,"column":20},"end":{"line":155,"column":39}},"50":{"start":{"line":158,"column":18},"end":{"line":158,"column":67}},"51":{"start":{"line":163,"column":18},"end":{"line":179,"column":19}},"52":{"start":{"line":164,"column":20},"end":{"line":165,"column":67}},"53":{"start":{"line":168,"column":25},"end":{"line":179,"column":19}},"54":{"start":{"line":169,"column":20},"end":{"line":170,"column":73}},"55":{"start":{"line":174,"column":18},"end":{"line":179,"column":19}},"56":{"start":{"line":175,"column":20},"end":{"line":176,"column":73}},"57":{"start":{"line":183,"column":35},"end":{"line":183,"column":58}},"58":{"start":{"line":183,"column":77},"end":{"line":183,"column":360}},"59":{"start":{"line":183,"column":360},"end":{"line":183,"column":373}},"60":{"start":{"line":183,"column":374},"end":{"line":183,"column":4233}},"61":{"start":{"line":183,"column":482},"end":{"line":183,"column":503}},"62":{"start":{"line":183,"column":503},"end":{"line":183,"column":655}},"63":{"start":{"line":183,"column":563},"end":{"line":183,"column":604}},"64":{"start":{"line":183,"column":612},"end":{"line":183,"column":654}},"65":{"start":{"line":183,"column":739},"end":{"line":183,"column":868}},"66":{"start":{"line":183,"column":770},"end":{"line":183,"column":814}},"67":{"start":{"line":183,"column":822},"end":{"line":183,"column":867}},"68":{"start":{"line":183,"column":929},"end":{"line":183,"column":933}},"69":{"start":{"line":183,"column":934},"end":{"line":183,"column":4227}},"70":{"start":{"line":183,"column":1325},"end":{"line":183,"column":1370}},"71":{"start":{"line":183,"column":1726},"end":{"line":183,"column":1777}},"72":{"start":{"line":183,"column":2116},"end":{"line":183,"column":2161}},"73":{"start":{"line":183,"column":4233},"end":{"line":183,"column":4249}},"74":{"start":{"line":189,"column":0},"end":{"line":189,"column":8}},"75":{"start":{"line":189,"column":9},"end":{"line":189,"column":36}}},"fnMap":{"0":{"name":"(anonymous_0)","decl":{"start":{"line":11,"column":11},"end":{"line":11,"column":12}},"loc":{"start":{"line":11,"column":33},"end":{"line":183,"column":4250}},"line":11},"1":{"name":"PostForm","decl":{"start":{"line":13,"column":11},"end":{"line":13,"column":19}},"loc":{"start":{"line":13,"column":27},"end":{"line":183,"column":374}},"line":13},"2":{"name":"(anonymous_2)","decl":{"start":{"line":39,"column":30},"end":{"line":39,"column":31}},"loc":{"start":{"line":39,"column":42},"end":{"line":39,"column":104}},"line":39},"3":{"name":"(anonymous_3)","decl":{"start":{"line":41,"column":28},"end":{"line":41,"column":29}},"loc":{"start":{"line":41,"column":40},"end":{"line":41,"column":100}},"line":41},"4":{"name":"(anonymous_4)","decl":{"start":{"line":43,"column":30},"end":{"line":43,"column":31}},"loc":{"start":{"line":43,"column":42},"end":{"line":43,"column":105}},"line":43},"5":{"name":"(anonymous_5)","decl":{"start":{"line":45,"column":28},"end":{"line":45,"column":29}},"loc":{"start":{"line":45,"column":40},"end":{"line":45,"column":101}},"line":45},"6":{"name":"(anonymous_6)","decl":{"start":{"line":47,"column":28},"end":{"line":47,"column":29}},"loc":{"start":{"line":47,"column":44},"end":{"line":51,"column":5}},"line":47},"7":{"name":"(anonymous_7)","decl":{"start":{"line":53,"column":26},"end":{"line":53,"column":27}},"loc":{"start":{"line":53,"column":42},"end":{"line":56,"column":5}},"line":53},"8":{"name":"_callee","decl":{"start":{"line":130,"column":39},"end":{"line":130,"column":46}},"loc":{"start":{"line":130,"column":49},"end":{"line":183,"column":76}},"line":130},"9":{"name":"_callee$","decl":{"start":{"line":130,"column":93},"end":{"line":130,"column":101}},"loc":{"start":{"line":130,"column":112},"end":{"line":183,"column":61}},"line":130},"10":{"name":"(anonymous_10)","decl":{"start":{"line":146,"column":21},"end":{"line":146,"column":22}},"loc":{"start":{"line":146,"column":41},"end":{"line":146,"column":66}},"line":146},"11":{"name":"(anonymous_11)","decl":{"start":{"line":147,"column":21},"end":{"line":147,"column":22}},"loc":{"start":{"line":147,"column":36},"end":{"line":157,"column":17}},"line":147},"12":{"name":"(anonymous_12)","decl":{"start":{"line":157,"column":25},"end":{"line":157,"column":26}},"loc":{"start":{"line":157,"column":42},"end":{"line":159,"column":17}},"line":157},"13":{"name":"validate_address","decl":{"start":{"line":183,"column":455},"end":{"line":183,"column":471}},"loc":{"start":{"line":183,"column":481},"end":{"line":183,"column":656}},"line":183},"14":{"name":"validate_roomNumber","decl":{"start":{"line":183,"column":706},"end":{"line":183,"column":725}},"loc":{"start":{"line":183,"column":738},"end":{"line":183,"column":869}},"line":183},"15":{"name":"render","decl":{"start":{"line":183,"column":906},"end":{"line":183,"column":912}},"loc":{"start":{"line":183,"column":915},"end":{"line":183,"column":4228}},"line":183},"16":{"name":"onChangeText","decl":{"start":{"line":183,"column":1302},"end":{"line":183,"column":1314}},"loc":{"start":{"line":183,"column":1324},"end":{"line":183,"column":1371}},"line":183},"17":{"name":"onChangeText","decl":{"start":{"line":183,"column":1700},"end":{"line":183,"column":1712}},"loc":{"start":{"line":183,"column":1725},"end":{"line":183,"column":1778}},"line":183},"18":{"name":"onChangeText","decl":{"start":{"line":183,"column":2093},"end":{"line":183,"column":2105}},"loc":{"start":{"line":183,"column":2115},"end":{"line":183,"column":2162}},"line":183}},"branchMap":{"0":{"loc":{"start":{"line":130,"column":124},"end":{"line":183,"column":59}},"type":"switch","locations":[{"start":{"line":130,"column":164},"end":{"line":133,"column":59}},{"start":{"line":133,"column":59},"end":{"line":134,"column":65}},{"start":{"line":134,"column":65},"end":{"line":183,"column":17}},{"start":{"line":183,"column":17},"end":{"line":183,"column":24}},{"start":{"line":183,"column":24},"end":{"line":183,"column":58}}],"line":130},"1":{"loc":{"start":{"line":136,"column":14},"end":{"line":183,"column":17}},"type":"if","locations":[{"start":{"line":136,"column":14},"end":{"line":183,"column":17}},{"start":{"line":136,"column":14},"end":{"line":183,"column":17}}],"line":136},"2":{"loc":{"start":{"line":136,"column":18},"end":{"line":136,"column":95}},"type":"binary-expr","locations":[{"start":{"line":136,"column":18},"end":{"line":136,"column":53}},{"start":{"line":136,"column":57},"end":{"line":136,"column":95}}],"line":136},"3":{"loc":{"start":{"line":149,"column":18},"end":{"line":152,"column":19}},"type":"if","locations":[{"start":{"line":149,"column":18},"end":{"line":152,"column":19}},{"start":{"line":149,"column":18},"end":{"line":152,"column":19}}],"line":149},"4":{"loc":{"start":{"line":153,"column":18},"end":{"line":156,"column":19}},"type":"if","locations":[{"start":{"line":153,"column":18},"end":{"line":156,"column":19}},{"start":{"line":153,"column":18},"end":{"line":156,"column":19}}],"line":153},"5":{"loc":{"start":{"line":163,"column":18},"end":{"line":179,"column":19}},"type":"if","locations":[{"start":{"line":163,"column":18},"end":{"line":179,"column":19}},{"start":{"line":163,"column":18},"end":{"line":179,"column":19}}],"line":163},"6":{"loc":{"start":{"line":163,"column":22},"end":{"line":163,"column":101}},"type":"binary-expr","locations":[{"start":{"line":163,"column":22},"end":{"line":163,"column":58}},{"start":{"line":163,"column":62},"end":{"line":163,"column":101}}],"line":163},"7":{"loc":{"start":{"line":168,"column":25},"end":{"line":179,"column":19}},"type":"if","locations":[{"start":{"line":168,"column":25},"end":{"line":179,"column":19}},{"start":{"line":168,"column":25},"end":{"line":179,"column":19}}],"line":168},"8":{"loc":{"start":{"line":174,"column":18},"end":{"line":179,"column":19}},"type":"if","locations":[{"start":{"line":174,"column":18},"end":{"line":179,"column":19}},{"start":{"line":174,"column":18},"end":{"line":179,"column":19}}],"line":174},"9":{"loc":{"start":{"line":183,"column":503},"end":{"line":183,"column":655}},"type":"if","locations":[{"start":{"line":183,"column":503},"end":{"line":183,"column":655}},{"start":{"line":183,"column":503},"end":{"line":183,"column":655}}],"line":183},"10":{"loc":{"start":{"line":183,"column":507},"end":{"line":183,"column":560}},"type":"binary-expr","locations":[{"start":{"line":183,"column":507},"end":{"line":183,"column":525}},{"start":{"line":183,"column":529},"end":{"line":183,"column":560}}],"line":183},"11":{"loc":{"start":{"line":183,"column":739},"end":{"line":183,"column":868}},"type":"if","locations":[{"start":{"line":183,"column":739},"end":{"line":183,"column":868}},{"start":{"line":183,"column":739},"end":{"line":183,"column":868}}],"line":183}},"s":{"0":1,"1":1,"2":1,"3":1,"4":1,"5":1,"6":1,"7":1,"8":1,"9":1,"10":1,"11":1,"12":1,"13":1,"14":1,"15":1,"16":1,"17":1,"18":1,"19":1,"20":1,"21":1,"22":0,"23":1,"24":0,"25":1,"26":0,"27":1,"28":0,"29":1,"30":0,"31":0,"32":1,"33":0,"34":0,"35":1,"36":0,"37":0,"38":0,"39":0,"40":0,"41":0,"42":0,"43":0,"44":0,"45":0,"46":0,"47":0,"48":0,"49":0,"50":0,"51":0,"52":0,"53":0,"54":0,"55":0,"56":0,"57":0,"58":1,"59":1,"60":1,"61":0,"62":0,"63":0,"64":0,"65":0,"66":0,"67":0,"68":1,"69":1,"70":0,"71":0,"72":0,"73":1,"74":1,"75":1},"f":{"0":1,"1":1,"2":0,"3":0,"4":0,"5":0,"6":0,"7":0,"8":0,"9":0,"10":0,"11":0,"12":0,"13":0,"14":0,"15":1,"16":0,"17":0,"18":0},"b":{"0":[0,0,0,0,0],"1":[0,0],"2":[0,0],"3":[0,0],"4":[0,0],"5":[0,0],"6":[0,0],"7":[0,0],"8":[0,0],"9":[0,0],"10":[0,0],"11":[0,0]},"_coverageSchema":"332fd63041d2c1bcb487cc26dd0d5f7d97098a6c","hash":"7dcd87d7420ddecf4221d10921081dbce5fdda93"}
,"/Users/bryanbrazalesmolina/Desktop/cpen321/CPEN321_CUP_O_JAVA/rental_tinder/src/components/SignupForm.js": {"path":"/Users/bryanbrazalesmolina/Desktop/cpen321/CPEN321_CUP_O_JAVA/rental_tinder/src/components/SignupForm.js","statementMap":{"0":{"start":{"line":1,"column":42},"end":{"line":1,"column":97}},"1":{"start":{"line":1,"column":128},"end":{"line":1,"column":184}},"2":{"start":{"line":1,"column":185},"end":{"line":1,"column":247}},"3":{"start":{"line":1,"column":247},"end":{"line":1,"column":272}},"4":{"start":{"line":1,"column":291},"end":{"line":1,"column":352}},"5":{"start":{"line":1,"column":376},"end":{"line":1,"column":448}},"6":{"start":{"line":1,"column":469},"end":{"line":1,"column":538}},"7":{"start":{"line":1,"column":573},"end":{"line":1,"column":656}},"8":{"start":{"line":1,"column":680},"end":{"line":1,"column":752}},"9":{"start":{"line":1,"column":770},"end":{"line":1,"column":836}},"10":{"start":{"line":1,"column":850},"end":{"line":1,"column":891}},"11":{"start":{"line":2,"column":14},"end":{"line":2,"column":33}},"12":{"start":{"line":3,"column":19},"end":{"line":3,"column":42}},"13":{"start":{"line":3,"column":62},"end":{"line":3,"column":168}},"14":{"start":{"line":5,"column":21},"end":{"line":5,"column":22}},"15":{"start":{"line":7,"column":13},"end":{"line":145,"column":3111}},"16":{"start":{"line":7,"column":36},"end":{"line":7,"column":84}},"17":{"start":{"line":9,"column":40},"end":{"line":9,"column":88}},"18":{"start":{"line":10,"column":4},"end":{"line":10,"column":120}},"19":{"start":{"line":10,"column":120},"end":{"line":14,"column":117}},"20":{"start":{"line":14,"column":117},"end":{"line":145,"column":77}},"21":{"start":{"line":100,"column":50},"end":{"line":145,"column":75}},"22":{"start":{"line":100,"column":113},"end":{"line":145,"column":60}},"23":{"start":{"line":100,"column":124},"end":{"line":145,"column":59}},"24":{"start":{"line":100,"column":171},"end":{"line":100,"column":189}},"25":{"start":{"line":100,"column":189},"end":{"line":102,"column":61}},"26":{"start":{"line":102,"column":68},"end":{"line":102,"column":86}},"27":{"start":{"line":102,"column":86},"end":{"line":103,"column":61}},"28":{"start":{"line":105,"column":14},"end":{"line":145,"column":17}},"29":{"start":{"line":107,"column":16},"end":{"line":108,"column":43}},"30":{"start":{"line":112,"column":16},"end":{"line":119,"column":81}},"31":{"start":{"line":119,"column":40},"end":{"line":119,"column":78}},"32":{"start":{"line":120,"column":16},"end":{"line":120,"column":57}},"33":{"start":{"line":124,"column":18},"end":{"line":141,"column":19}},"34":{"start":{"line":126,"column":20},"end":{"line":127,"column":63}},"35":{"start":{"line":130,"column":25},"end":{"line":141,"column":19}},"36":{"start":{"line":131,"column":20},"end":{"line":132,"column":75}},"37":{"start":{"line":136,"column":18},"end":{"line":141,"column":19}},"38":{"start":{"line":137,"column":20},"end":{"line":138,"column":87}},"39":{"start":{"line":145,"column":35},"end":{"line":145,"column":58}},"40":{"start":{"line":145,"column":77},"end":{"line":145,"column":196}},"41":{"start":{"line":145,"column":196},"end":{"line":145,"column":209}},"42":{"start":{"line":145,"column":210},"end":{"line":145,"column":3074}},"43":{"start":{"line":145,"column":323},"end":{"line":145,"column":344}},"44":{"start":{"line":145,"column":344},"end":{"line":145,"column":492}},"45":{"start":{"line":145,"column":406},"end":{"line":145,"column":444}},"46":{"start":{"line":145,"column":452},"end":{"line":145,"column":491}},"47":{"start":{"line":145,"column":570},"end":{"line":145,"column":704}},"48":{"start":{"line":145,"column":610},"end":{"line":145,"column":652}},"49":{"start":{"line":145,"column":660},"end":{"line":145,"column":703}},"50":{"start":{"line":145,"column":765},"end":{"line":145,"column":769}},"51":{"start":{"line":145,"column":770},"end":{"line":145,"column":3068}},"52":{"start":{"line":145,"column":1166},"end":{"line":145,"column":1213}},"53":{"start":{"line":145,"column":1545},"end":{"line":145,"column":1586}},"54":{"start":{"line":145,"column":1979},"end":{"line":145,"column":2026}},"55":{"start":{"line":145,"column":2367},"end":{"line":145,"column":2420}},"56":{"start":{"line":145,"column":2939},"end":{"line":145,"column":2989}},"57":{"start":{"line":145,"column":3074},"end":{"line":145,"column":3092}},"58":{"start":{"line":150,"column":0},"end":{"line":150,"column":10}},"59":{"start":{"line":150,"column":11},"end":{"line":150,"column":38}}},"fnMap":{"0":{"name":"(anonymous_0)","decl":{"start":{"line":7,"column":13},"end":{"line":7,"column":14}},"loc":{"start":{"line":7,"column":35},"end":{"line":145,"column":3093}},"line":7},"1":{"name":"SignupForm","decl":{"start":{"line":9,"column":11},"end":{"line":9,"column":21}},"loc":{"start":{"line":9,"column":29},"end":{"line":145,"column":210}},"line":9},"2":{"name":"_callee","decl":{"start":{"line":100,"column":39},"end":{"line":100,"column":46}},"loc":{"start":{"line":100,"column":49},"end":{"line":145,"column":76}},"line":100},"3":{"name":"_callee$","decl":{"start":{"line":100,"column":93},"end":{"line":100,"column":101}},"loc":{"start":{"line":100,"column":112},"end":{"line":145,"column":61}},"line":100},"4":{"name":"(anonymous_4)","decl":{"start":{"line":119,"column":22},"end":{"line":119,"column":23}},"loc":{"start":{"line":119,"column":39},"end":{"line":119,"column":79}},"line":119},"5":{"name":"validate_username","decl":{"start":{"line":145,"column":294},"end":{"line":145,"column":311}},"loc":{"start":{"line":145,"column":322},"end":{"line":145,"column":493}},"line":145},"6":{"name":"validate_password","decl":{"start":{"line":145,"column":541},"end":{"line":145,"column":558}},"loc":{"start":{"line":145,"column":569},"end":{"line":145,"column":705}},"line":145},"7":{"name":"render","decl":{"start":{"line":145,"column":742},"end":{"line":145,"column":748}},"loc":{"start":{"line":145,"column":751},"end":{"line":145,"column":3069}},"line":145},"8":{"name":"onChangeText","decl":{"start":{"line":145,"column":1142},"end":{"line":145,"column":1154}},"loc":{"start":{"line":145,"column":1165},"end":{"line":145,"column":1214}},"line":145},"9":{"name":"onChangeText","decl":{"start":{"line":145,"column":1524},"end":{"line":145,"column":1536}},"loc":{"start":{"line":145,"column":1544},"end":{"line":145,"column":1587}},"line":145},"10":{"name":"onChangeText","decl":{"start":{"line":145,"column":1955},"end":{"line":145,"column":1967}},"loc":{"start":{"line":145,"column":1978},"end":{"line":145,"column":2027}},"line":145},"11":{"name":"onChangeText","decl":{"start":{"line":145,"column":2340},"end":{"line":145,"column":2352}},"loc":{"start":{"line":145,"column":2366},"end":{"line":145,"column":2421}},"line":145},"12":{"name":"onPress","decl":{"start":{"line":145,"column":2928},"end":{"line":145,"column":2935}},"loc":{"start":{"line":145,"column":2938},"end":{"line":145,"column":2990}},"line":145}},"branchMap":{"0":{"loc":{"start":{"line":100,"column":124},"end":{"line":145,"column":59}},"type":"switch","locations":[{"start":{"line":100,"column":164},"end":{"line":102,"column":61}},{"start":{"line":102,"column":61},"end":{"line":103,"column":61}},{"start":{"line":103,"column":61},"end":{"line":145,"column":17}},{"start":{"line":145,"column":17},"end":{"line":145,"column":24}},{"start":{"line":145,"column":24},"end":{"line":145,"column":58}}],"line":100},"1":{"loc":{"start":{"line":105,"column":14},"end":{"line":145,"column":17}},"type":"if","locations":[{"start":{"line":105,"column":14},"end":{"line":145,"column":17}},{"start":{"line":105,"column":14},"end":{"line":145,"column":17}}],"line":105},"2":{"loc":{"start":{"line":105,"column":18},"end":{"line":105,"column":90}},"type":"binary-expr","locations":[{"start":{"line":105,"column":18},"end":{"line":105,"column":54}},{"start":{"line":105,"column":58},"end":{"line":105,"column":90}}],"line":105},"3":{"loc":{"start":{"line":124,"column":18},"end":{"line":141,"column":19}},"type":"if","locations":[{"start":{"line":124,"column":18},"end":{"line":141,"column":19}},{"start":{"line":124,"column":18},"end":{"line":141,"column":19}}],"line":124},"4":{"loc":{"start":{"line":124,"column":22},"end":{"line":124,"column":96}},"type":"binary-expr","locations":[{"start":{"line":124,"column":22},"end":{"line":124,"column":59}},{"start":{"line":124,"column":63},"end":{"line":124,"column":96}}],"line":124},"5":{"loc":{"start":{"line":130,"column":25},"end":{"line":141,"column":19}},"type":"if","locations":[{"start":{"line":130,"column":25},"end":{"line":141,"column":19}},{"start":{"line":130,"column":25},"end":{"line":141,"column":19}}],"line":130},"6":{"loc":{"start":{"line":136,"column":18},"end":{"line":141,"column":19}},"type":"if","locations":[{"start":{"line":136,"column":18},"end":{"line":141,"column":19}},{"start":{"line":136,"column":18},"end":{"line":141,"column":19}}],"line":136},"7":{"loc":{"start":{"line":145,"column":344},"end":{"line":145,"column":492}},"type":"if","locations":[{"start":{"line":145,"column":344},"end":{"line":145,"column":492}},{"start":{"line":145,"column":344},"end":{"line":145,"column":492}}],"line":145},"8":{"loc":{"start":{"line":145,"column":348},"end":{"line":145,"column":403}},"type":"binary-expr","locations":[{"start":{"line":145,"column":348},"end":{"line":145,"column":367}},{"start":{"line":145,"column":371},"end":{"line":145,"column":403}}],"line":145},"9":{"loc":{"start":{"line":145,"column":570},"end":{"line":145,"column":704}},"type":"if","locations":[{"start":{"line":145,"column":570},"end":{"line":145,"column":704}},{"start":{"line":145,"column":570},"end":{"line":145,"column":704}}],"line":145}},"s":{"0":1,"1":1,"2":1,"3":1,"4":1,"5":1,"6":1,"7":1,"8":1,"9":1,"10":1,"11":1,"12":1,"13":1,"14":1,"15":1,"16":1,"17":1,"18":1,"19":1,"20":1,"21":0,"22":0,"23":0,"24":0,"25":0,"26":0,"27":0,"28":0,"29":0,"30":0,"31":0,"32":0,"33":0,"34":0,"35":0,"36":0,"37":0,"38":0,"39":0,"40":1,"41":1,"42":1,"43":0,"44":0,"45":0,"46":0,"47":0,"48":0,"49":0,"50":1,"51":1,"52":0,"53":0,"54":0,"55":0,"56":0,"57":1,"58":1,"59":1},"f":{"0":1,"1":1,"2":0,"3":0,"4":0,"5":0,"6":0,"7":1,"8":0,"9":0,"10":0,"11":0,"12":0},"b":{"0":[0,0,0,0,0],"1":[0,0],"2":[0,0],"3":[0,0],"4":[0,0],"5":[0,0],"6":[0,0],"7":[0,0],"8":[0,0],"9":[0,0]},"_coverageSchema":"332fd63041d2c1bcb487cc26dd0d5f7d97098a6c","hash":"5fc3322893a3c4db6c4a7fca16b34638df562e52"}
,"/Users/bryanbrazalesmolina/Desktop/cpen321/CPEN321_CUP_O_JAVA/rental_tinder/src/components/profile.js": {"path":"/Users/bryanbrazalesmolina/Desktop/cpen321/CPEN321_CUP_O_JAVA/rental_tinder/src/components/profile.js","statementMap":{"0":{"start":{"line":1,"column":42},"end":{"line":1,"column":97}},"1":{"start":{"line":1,"column":128},"end":{"line":1,"column":184}},"2":{"start":{"line":1,"column":185},"end":{"line":1,"column":247}},"3":{"start":{"line":1,"column":247},"end":{"line":1,"column":272}},"4":{"start":{"line":1,"column":291},"end":{"line":1,"column":352}},"5":{"start":{"line":1,"column":376},"end":{"line":1,"column":448}},"6":{"start":{"line":1,"column":469},"end":{"line":1,"column":538}},"7":{"start":{"line":1,"column":573},"end":{"line":1,"column":656}},"8":{"start":{"line":1,"column":680},"end":{"line":1,"column":752}},"9":{"start":{"line":1,"column":770},"end":{"line":1,"column":836}},"10":{"start":{"line":2,"column":13},"end":{"line":2,"column":54}},"11":{"start":{"line":3,"column":19},"end":{"line":3,"column":42}},"12":{"start":{"line":4,"column":14},"end":{"line":4,"column":33}},"13":{"start":{"line":6,"column":23},"end":{"line":6,"column":50}},"14":{"start":{"line":6,"column":70},"end":{"line":6,"column":173}},"15":{"start":{"line":8,"column":22},"end":{"line":8,"column":31}},"16":{"start":{"line":9,"column":10},"end":{"line":102,"column":44}},"17":{"start":{"line":9,"column":33},"end":{"line":9,"column":78}},"18":{"start":{"line":10,"column":37},"end":{"line":10,"column":82}},"19":{"start":{"line":11,"column":4},"end":{"line":11,"column":117}},"20":{"start":{"line":11,"column":117},"end":{"line":30,"column":6}},"21":{"start":{"line":27,"column":6},"end":{"line":27,"column":55}},"22":{"start":{"line":30,"column":6},"end":{"line":35,"column":6}},"23":{"start":{"line":32,"column":6},"end":{"line":32,"column":51}},"24":{"start":{"line":33,"column":6},"end":{"line":33,"column":47}},"25":{"start":{"line":35,"column":6},"end":{"line":38,"column":6}},"26":{"start":{"line":38,"column":6},"end":{"line":52,"column":171}},"27":{"start":{"line":39,"column":50},"end":{"line":52,"column":169}},"28":{"start":{"line":39,"column":113},"end":{"line":52,"column":144}},"29":{"start":{"line":39,"column":124},"end":{"line":52,"column":143}},"30":{"start":{"line":39,"column":171},"end":{"line":39,"column":189}},"31":{"start":{"line":39,"column":189},"end":{"line":39,"column":207}},"32":{"start":{"line":39,"column":207},"end":{"line":45,"column":61}},"33":{"start":{"line":45,"column":68},"end":{"line":45,"column":90}},"34":{"start":{"line":47,"column":14},"end":{"line":47,"column":50}},"35":{"start":{"line":49,"column":14},"end":{"line":52,"column":15}},"36":{"start":{"line":51,"column":16},"end":{"line":51,"column":35}},"37":{"start":{"line":52,"column":15},"end":{"line":52,"column":34}},"38":{"start":{"line":52,"column":34},"end":{"line":52,"column":40}},"39":{"start":{"line":52,"column":47},"end":{"line":52,"column":65}},"40":{"start":{"line":52,"column":65},"end":{"line":52,"column":100}},"41":{"start":{"line":52,"column":119},"end":{"line":52,"column":142}},"42":{"start":{"line":52,"column":171},"end":{"line":52,"column":202}},"43":{"start":{"line":52,"column":202},"end":{"line":52,"column":215}},"44":{"start":{"line":52,"column":216},"end":{"line":102,"column":10}},"45":{"start":{"line":52,"column":318},"end":{"line":52,"column":339}},"46":{"start":{"line":52,"column":339},"end":{"line":52,"column":367}},"47":{"start":{"line":52,"column":443},"end":{"line":52,"column":465}},"48":{"start":{"line":58,"column":18},"end":{"line":58,"column":22}},"49":{"start":{"line":61,"column":6},"end":{"line":61,"column":34}},"50":{"start":{"line":62,"column":6},"end":{"line":94,"column":148}},"51":{"start":{"line":71,"column":84},"end":{"line":71,"column":139}},"52":{"start":{"line":102,"column":10},"end":{"line":102,"column":25}},"53":{"start":{"line":105,"column":0},"end":{"line":105,"column":7}},"54":{"start":{"line":105,"column":8},"end":{"line":105,"column":35}}},"fnMap":{"0":{"name":"(anonymous_0)","decl":{"start":{"line":9,"column":10},"end":{"line":9,"column":11}},"loc":{"start":{"line":9,"column":32},"end":{"line":102,"column":26}},"line":9},"1":{"name":"profile","decl":{"start":{"line":10,"column":11},"end":{"line":10,"column":18}},"loc":{"start":{"line":10,"column":26},"end":{"line":52,"column":216}},"line":10},"2":{"name":"(anonymous_2)","decl":{"start":{"line":26,"column":13},"end":{"line":26,"column":14}},"loc":{"start":{"line":26,"column":25},"end":{"line":30,"column":5}},"line":26},"3":{"name":"(anonymous_3)","decl":{"start":{"line":31,"column":13},"end":{"line":31,"column":14}},"loc":{"start":{"line":31,"column":25},"end":{"line":35,"column":5}},"line":31},"4":{"name":"(anonymous_4)","decl":{"start":{"line":36,"column":18},"end":{"line":36,"column":19}},"loc":{"start":{"line":36,"column":30},"end":{"line":38,"column":5}},"line":36},"5":{"name":"_callee","decl":{"start":{"line":39,"column":29},"end":{"line":39,"column":36}},"loc":{"start":{"line":39,"column":39},"end":{"line":52,"column":170}},"line":39},"6":{"name":"_callee$","decl":{"start":{"line":39,"column":93},"end":{"line":39,"column":101}},"loc":{"start":{"line":39,"column":112},"end":{"line":52,"column":145}},"line":39},"7":{"name":"componentDidMount","decl":{"start":{"line":52,"column":297},"end":{"line":52,"column":314}},"loc":{"start":{"line":52,"column":317},"end":{"line":52,"column":368}},"line":52},"8":{"name":"componentWillUnmount","decl":{"start":{"line":52,"column":419},"end":{"line":52,"column":439}},"loc":{"start":{"line":52,"column":442},"end":{"line":52,"column":466}},"line":52},"9":{"name":"render","decl":{"start":{"line":52,"column":503},"end":{"line":52,"column":509}},"loc":{"start":{"line":58,"column":4},"end":{"line":102,"column":5}},"line":58},"10":{"name":"onPress","decl":{"start":{"line":71,"column":73},"end":{"line":71,"column":80}},"loc":{"start":{"line":71,"column":83},"end":{"line":71,"column":140}},"line":71}},"branchMap":{"0":{"loc":{"start":{"line":39,"column":124},"end":{"line":52,"column":143}},"type":"switch","locations":[{"start":{"line":39,"column":164},"end":{"line":45,"column":61}},{"start":{"line":45,"column":61},"end":{"line":52,"column":40}},{"start":{"line":52,"column":40},"end":{"line":52,"column":100}},{"start":{"line":52,"column":100},"end":{"line":52,"column":108}},{"start":{"line":52,"column":108},"end":{"line":52,"column":142}}],"line":39},"1":{"loc":{"start":{"line":49,"column":14},"end":{"line":52,"column":15}},"type":"if","locations":[{"start":{"line":49,"column":14},"end":{"line":52,"column":15}},{"start":{"line":49,"column":14},"end":{"line":52,"column":15}}],"line":49}},"s":{"0":1,"1":1,"2":1,"3":1,"4":1,"5":1,"6":1,"7":1,"8":1,"9":1,"10":1,"11":1,"12":1,"13":1,"14":1,"15":1,"16":1,"17":1,"18":0,"19":0,"20":0,"21":0,"22":0,"23":0,"24":0,"25":0,"26":0,"27":0,"28":0,"29":0,"30":0,"31":0,"32":0,"33":0,"34":0,"35":0,"36":0,"37":0,"38":0,"39":0,"40":0,"41":0,"42":0,"43":0,"44":1,"45":0,"46":0,"47":0,"48":0,"49":0,"50":0,"51":0,"52":1,"53":1,"54":1},"f":{"0":1,"1":0,"2":0,"3":0,"4":0,"5":0,"6":0,"7":0,"8":0,"9":0,"10":0},"b":{"0":[0,0,0,0,0],"1":[0,0]},"_coverageSchema":"332fd63041d2c1bcb487cc26dd0d5f7d97098a6c","hash":"f26f10f1f4d6362d9b26ec7cd4785f1f6264ab47"}
,"/Users/bryanbrazalesmolina/Desktop/cpen321/CPEN321_CUP_O_JAVA/rental_tinder/src/components/common/Button.js": {"path":"/Users/bryanbrazalesmolina/Desktop/cpen321/CPEN321_CUP_O_JAVA/rental_tinder/src/components/common/Button.js","statementMap":{"0":{"start":{"line":1,"column":42},"end":{"line":1,"column":97}},"1":{"start":{"line":1,"column":98},"end":{"line":1,"column":160}},"2":{"start":{"line":1,"column":160},"end":{"line":1,"column":184}},"3":{"start":{"line":1,"column":197},"end":{"line":1,"column":237}},"4":{"start":{"line":2,"column":19},"end":{"line":2,"column":42}},"5":{"start":{"line":2,"column":62},"end":{"line":2,"column":171}},"6":{"start":{"line":4,"column":13},"end":{"line":14,"column":1}},"7":{"start":{"line":4,"column":50},"end":{"line":4,"column":62}},"8":{"start":{"line":4,"column":74},"end":{"line":4,"column":87}},"9":{"start":{"line":5,"column":16},"end":{"line":5,"column":34}},"10":{"start":{"line":5,"column":47},"end":{"line":5,"column":63}},"11":{"start":{"line":7,"column":2},"end":{"line":10,"column":16}},"12":{"start":{"line":14,"column":2},"end":{"line":14,"column":26}},"13":{"start":{"line":16,"column":13},"end":{"line":33,"column":22}}},"fnMap":{"0":{"name":"Button","decl":{"start":{"line":4,"column":22},"end":{"line":4,"column":28}},"loc":{"start":{"line":4,"column":35},"end":{"line":14,"column":1}},"line":4}},"branchMap":{},"s":{"0":1,"1":1,"2":1,"3":1,"4":1,"5":1,"6":1,"7":5,"8":5,"9":5,"10":5,"11":5,"12":1,"13":1},"f":{"0":5},"b":{},"_coverageSchema":"332fd63041d2c1bcb487cc26dd0d5f7d97098a6c","hash":"8519d3d7d07881ad86cd4868880ef174789fac18"}
,"/Users/bryanbrazalesmolina/Desktop/cpen321/CPEN321_CUP_O_JAVA/rental_tinder/src/components/common/Card.js": {"path":"/Users/bryanbrazalesmolina/Desktop/cpen321/CPEN321_CUP_O_JAVA/rental_tinder/src/components/common/Card.js","statementMap":{"0":{"start":{"line":1,"column":42},"end":{"line":1,"column":97}},"1":{"start":{"line":1,"column":98},"end":{"line":1,"column":160}},"2":{"start":{"line":1,"column":160},"end":{"line":1,"column":182}},"3":{"start":{"line":1,"column":195},"end":{"line":1,"column":235}},"4":{"start":{"line":2,"column":19},"end":{"line":2,"column":42}},"5":{"start":{"line":2,"column":62},"end":{"line":2,"column":169}},"6":{"start":{"line":4,"column":11},"end":{"line":10,"column":1}},"7":{"start":{"line":5,"column":2},"end":{"line":7,"column":21}},"8":{"start":{"line":10,"column":2},"end":{"line":10,"column":22}},"9":{"start":{"line":12,"column":13},"end":{"line":25,"column":21}}},"fnMap":{"0":{"name":"Card","decl":{"start":{"line":4,"column":20},"end":{"line":4,"column":24}},"loc":{"start":{"line":4,"column":32},"end":{"line":10,"column":1}},"line":4}},"branchMap":{},"s":{"0":1,"1":1,"2":1,"3":1,"4":1,"5":1,"6":1,"7":3,"8":1,"9":1},"f":{"0":3},"b":{},"_coverageSchema":"332fd63041d2c1bcb487cc26dd0d5f7d97098a6c","hash":"1267004483a03e6b992a5db957c26d7c40f181fc"}
,"/Users/bryanbrazalesmolina/Desktop/cpen321/CPEN321_CUP_O_JAVA/rental_tinder/src/components/common/CardSection.js": {"path":"/Users/bryanbrazalesmolina/Desktop/cpen321/CPEN321_CUP_O_JAVA/rental_tinder/src/components/common/CardSection.js","statementMap":{"0":{"start":{"line":1,"column":42},"end":{"line":1,"column":97}},"1":{"start":{"line":1,"column":98},"end":{"line":1,"column":160}},"2":{"start":{"line":1,"column":160},"end":{"line":1,"column":189}},"3":{"start":{"line":1,"column":202},"end":{"line":1,"column":242}},"4":{"start":{"line":2,"column":19},"end":{"line":2,"column":42}},"5":{"start":{"line":2,"column":62},"end":{"line":2,"column":176}},"6":{"start":{"line":4,"column":18},"end":{"line":10,"column":1}},"7":{"start":{"line":5,"column":2},"end":{"line":7,"column":21}},"8":{"start":{"line":10,"column":2},"end":{"line":10,"column":36}},"9":{"start":{"line":12,"column":13},"end":{"line":20,"column":28}}},"fnMap":{"0":{"name":"CardSection","decl":{"start":{"line":4,"column":27},"end":{"line":4,"column":38}},"loc":{"start":{"line":4,"column":46},"end":{"line":10,"column":1}},"line":4}},"branchMap":{},"s":{"0":1,"1":1,"2":1,"3":1,"4":1,"5":1,"6":1,"7":16,"8":1,"9":1},"f":{"0":16},"b":{},"_coverageSchema":"332fd63041d2c1bcb487cc26dd0d5f7d97098a6c","hash":"2a5dc07992deff0edca9934111b22f1eec6e0e83"}
,"/Users/bryanbrazalesmolina/Desktop/cpen321/CPEN321_CUP_O_JAVA/rental_tinder/src/components/common/Header.js": {"path":"/Users/bryanbrazalesmolina/Desktop/cpen321/CPEN321_CUP_O_JAVA/rental_tinder/src/components/common/Header.js","statementMap":{"0":{"start":{"line":1,"column":42},"end":{"line":1,"column":97}},"1":{"start":{"line":1,"column":98},"end":{"line":1,"column":160}},"2":{"start":{"line":1,"column":160},"end":{"line":1,"column":184}},"3":{"start":{"line":2,"column":13},"end":{"line":2,"column":53}},"4":{"start":{"line":3,"column":19},"end":{"line":3,"column":42}},"5":{"start":{"line":3,"column":62},"end":{"line":3,"column":171}},"6":{"start":{"line":6,"column":13},"end":{"line":14,"column":1}},"7":{"start":{"line":7,"column":14},"end":{"line":7,"column":30}},"8":{"start":{"line":7,"column":43},"end":{"line":7,"column":59}},"9":{"start":{"line":9,"column":2},"end":{"line":11,"column":148}},"10":{"start":{"line":14,"column":2},"end":{"line":14,"column":26}},"11":{"start":{"line":16,"column":13},"end":{"line":30,"column":20}}},"fnMap":{"0":{"name":"Header","decl":{"start":{"line":6,"column":22},"end":{"line":6,"column":28}},"loc":{"start":{"line":6,"column":36},"end":{"line":14,"column":1}},"line":6}},"branchMap":{},"s":{"0":1,"1":1,"2":1,"3":1,"4":1,"5":1,"6":1,"7":1,"8":1,"9":1,"10":1,"11":1},"f":{"0":1},"b":{},"_coverageSchema":"332fd63041d2c1bcb487cc26dd0d5f7d97098a6c","hash":"df2238f7f80f63dd98dbf02ebf67d2c1904493c2"}
,"/Users/bryanbrazalesmolina/Desktop/cpen321/CPEN321_CUP_O_JAVA/rental_tinder/src/components/common/Input.js": {"path":"/Users/bryanbrazalesmolina/Desktop/cpen321/CPEN321_CUP_O_JAVA/rental_tinder/src/components/common/Input.js","statementMap":{"0":{"start":{"line":1,"column":42},"end":{"line":1,"column":97}},"1":{"start":{"line":1,"column":98},"end":{"line":1,"column":160}},"2":{"start":{"line":1,"column":160},"end":{"line":1,"column":183}},"3":{"start":{"line":1,"column":196},"end":{"line":1,"column":236}},"4":{"start":{"line":2,"column":19},"end":{"line":2,"column":42}},"5":{"start":{"line":2,"column":62},"end":{"line":2,"column":170}},"6":{"start":{"line":4,"column":12},"end":{"line":21,"column":1}},"7":{"start":{"line":4,"column":46},"end":{"line":4,"column":56}},"8":{"start":{"line":4,"column":65},"end":{"line":4,"column":75}},"9":{"start":{"line":4,"column":91},"end":{"line":4,"column":108}},"10":{"start":{"line":4,"column":123},"end":{"line":4,"column":139}},"11":{"start":{"line":4,"column":158},"end":{"line":4,"column":178}},"12":{"start":{"line":4,"column":188},"end":{"line":4,"column":199}},"13":{"start":{"line":5,"column":15},"end":{"line":5,"column":32}},"14":{"start":{"line":5,"column":46},"end":{"line":5,"column":63}},"15":{"start":{"line":5,"column":81},"end":{"line":5,"column":102}},"16":{"start":{"line":7,"column":2},"end":{"line":17,"column":80}},"17":{"start":{"line":21,"column":2},"end":{"line":21,"column":24}},"18":{"start":{"line":23,"column":13},"end":{"line":41,"column":28}}},"fnMap":{"0":{"name":"Input","decl":{"start":{"line":4,"column":21},"end":{"line":4,"column":26}},"loc":{"start":{"line":4,"column":33},"end":{"line":21,"column":1}},"line":4}},"branchMap":{},"s":{"0":1,"1":1,"2":1,"3":1,"4":1,"5":1,"6":1,"7":9,"8":9,"9":9,"10":9,"11":9,"12":9,"13":9,"14":9,"15":9,"16":9,"17":1,"18":1},"f":{"0":9},"b":{},"_coverageSchema":"332fd63041d2c1bcb487cc26dd0d5f7d97098a6c","hash":"d37d8bdaa5df6184666b1496ca449e35416a6ad5"}
,"/Users/bryanbrazalesmolina/Desktop/cpen321/CPEN321_CUP_O_JAVA/rental_tinder/src/components/common/Welcome_header.js": {"path":"/Users/bryanbrazalesmolina/Desktop/cpen321/CPEN321_CUP_O_JAVA/rental_tinder/src/components/common/Welcome_header.js","statementMap":{"0":{"start":{"line":1,"column":42},"end":{"line":1,"column":97}},"1":{"start":{"line":1,"column":98},"end":{"line":1,"column":160}},"2":{"start":{"line":1,"column":160},"end":{"line":1,"column":192}},"3":{"start":{"line":2,"column":13},"end":{"line":2,"column":53}},"4":{"start":{"line":3,"column":19},"end":{"line":3,"column":42}},"5":{"start":{"line":3,"column":62},"end":{"line":3,"column":179}},"6":{"start":{"line":6,"column":21},"end":{"line":14,"column":1}},"7":{"start":{"line":7,"column":14},"end":{"line":7,"column":30}},"8":{"start":{"line":7,"column":43},"end":{"line":7,"column":59}},"9":{"start":{"line":9,"column":2},"end":{"line":11,"column":146}},"10":{"start":{"line":14,"column":2},"end":{"line":14,"column":42}},"11":{"start":{"line":16,"column":13},"end":{"line":31,"column":20}}},"fnMap":{"0":{"name":"Welcome_header","decl":{"start":{"line":6,"column":30},"end":{"line":6,"column":44}},"loc":{"start":{"line":6,"column":52},"end":{"line":14,"column":1}},"line":6}},"branchMap":{},"s":{"0":1,"1":1,"2":1,"3":1,"4":1,"5":1,"6":1,"7":0,"8":0,"9":0,"10":1,"11":1},"f":{"0":0},"b":{},"_coverageSchema":"332fd63041d2c1bcb487cc26dd0d5f7d97098a6c","hash":"52e31e4737a57a6be554779c1d7b32619f7c08c6"}
,"/Users/bryanbrazalesmolina/Desktop/cpen321/CPEN321_CUP_O_JAVA/rental_tinder/src/components/common/index.js": {"path":"/Users/bryanbrazalesmolina/Desktop/cpen321/CPEN321_CUP_O_JAVA/rental_tinder/src/components/common/index.js","statementMap":{"0":{"start":{"line":1,"column":13},"end":{"line":1,"column":75}},"1":{"start":{"line":1,"column":89},"end":{"line":1,"column":108}},"2":{"start":{"line":1,"column":109},"end":{"line":1,"column":313}},"3":{"start":{"line":1,"column":154},"end":{"line":1,"column":208}},"4":{"start":{"line":1,"column":201},"end":{"line":1,"column":208}},"5":{"start":{"line":1,"column":208},"end":{"line":1,"column":310}},"6":{"start":{"line":1,"column":285},"end":{"line":1,"column":305}},"7":{"start":{"line":2,"column":12},"end":{"line":2,"column":29}},"8":{"start":{"line":2,"column":30},"end":{"line":2,"column":230}},"9":{"start":{"line":2,"column":73},"end":{"line":2,"column":127}},"10":{"start":{"line":2,"column":120},"end":{"line":2,"column":127}},"11":{"start":{"line":2,"column":127},"end":{"line":2,"column":227}},"12":{"start":{"line":2,"column":204},"end":{"line":2,"column":222}},"13":{"start":{"line":3,"column":19},"end":{"line":3,"column":43}},"14":{"start":{"line":3,"column":44},"end":{"line":3,"column":258}},"15":{"start":{"line":3,"column":94},"end":{"line":3,"column":148}},"16":{"start":{"line":3,"column":141},"end":{"line":3,"column":148}},"17":{"start":{"line":3,"column":148},"end":{"line":3,"column":255}},"18":{"start":{"line":3,"column":225},"end":{"line":3,"column":250}},"19":{"start":{"line":4,"column":14},"end":{"line":4,"column":33}},"20":{"start":{"line":4,"column":34},"end":{"line":4,"column":238}},"21":{"start":{"line":4,"column":79},"end":{"line":4,"column":133}},"22":{"start":{"line":4,"column":126},"end":{"line":4,"column":133}},"23":{"start":{"line":4,"column":133},"end":{"line":4,"column":235}},"24":{"start":{"line":4,"column":210},"end":{"line":4,"column":230}},"25":{"start":{"line":5,"column":13},"end":{"line":5,"column":31}},"26":{"start":{"line":5,"column":32},"end":{"line":5,"column":234}},"27":{"start":{"line":5,"column":76},"end":{"line":5,"column":130}},"28":{"start":{"line":5,"column":123},"end":{"line":5,"column":130}},"29":{"start":{"line":5,"column":130},"end":{"line":5,"column":231}},"30":{"start":{"line":5,"column":207},"end":{"line":5,"column":226}},"31":{"start":{"line":6,"column":22},"end":{"line":6,"column":49}},"32":{"start":{"line":6,"column":50},"end":{"line":6,"column":270}},"33":{"start":{"line":6,"column":103},"end":{"line":6,"column":157}},"34":{"start":{"line":6,"column":150},"end":{"line":6,"column":157}},"35":{"start":{"line":6,"column":157},"end":{"line":6,"column":267}},"36":{"start":{"line":6,"column":234},"end":{"line":6,"column":262}}},"fnMap":{"0":{"name":"(anonymous_0)","decl":{"start":{"line":1,"column":138},"end":{"line":1,"column":139}},"loc":{"start":{"line":1,"column":153},"end":{"line":1,"column":311}},"line":1},"1":{"name":"get","decl":{"start":{"line":1,"column":278},"end":{"line":1,"column":281}},"loc":{"start":{"line":1,"column":284},"end":{"line":1,"column":306}},"line":1},"2":{"name":"(anonymous_2)","decl":{"start":{"line":2,"column":57},"end":{"line":2,"column":58}},"loc":{"start":{"line":2,"column":72},"end":{"line":2,"column":228}},"line":2},"3":{"name":"get","decl":{"start":{"line":2,"column":197},"end":{"line":2,"column":200}},"loc":{"start":{"line":2,"column":203},"end":{"line":2,"column":223}},"line":2},"4":{"name":"(anonymous_4)","decl":{"start":{"line":3,"column":78},"end":{"line":3,"column":79}},"loc":{"start":{"line":3,"column":93},"end":{"line":3,"column":256}},"line":3},"5":{"name":"get","decl":{"start":{"line":3,"column":218},"end":{"line":3,"column":221}},"loc":{"start":{"line":3,"column":224},"end":{"line":3,"column":251}},"line":3},"6":{"name":"(anonymous_6)","decl":{"start":{"line":4,"column":63},"end":{"line":4,"column":64}},"loc":{"start":{"line":4,"column":78},"end":{"line":4,"column":236}},"line":4},"7":{"name":"get","decl":{"start":{"line":4,"column":203},"end":{"line":4,"column":206}},"loc":{"start":{"line":4,"column":209},"end":{"line":4,"column":231}},"line":4},"8":{"name":"(anonymous_8)","decl":{"start":{"line":5,"column":60},"end":{"line":5,"column":61}},"loc":{"start":{"line":5,"column":75},"end":{"line":5,"column":232}},"line":5},"9":{"name":"get","decl":{"start":{"line":5,"column":200},"end":{"line":5,"column":203}},"loc":{"start":{"line":5,"column":206},"end":{"line":5,"column":227}},"line":5},"10":{"name":"(anonymous_10)","decl":{"start":{"line":6,"column":87},"end":{"line":6,"column":88}},"loc":{"start":{"line":6,"column":102},"end":{"line":6,"column":268}},"line":6},"11":{"name":"get","decl":{"start":{"line":6,"column":227},"end":{"line":6,"column":230}},"loc":{"start":{"line":6,"column":233},"end":{"line":6,"column":263}},"line":6}},"branchMap":{"0":{"loc":{"start":{"line":1,"column":154},"end":{"line":1,"column":208}},"type":"if","locations":[{"start":{"line":1,"column":154},"end":{"line":1,"column":208}},{"start":{"line":1,"column":154},"end":{"line":1,"column":208}}],"line":1},"1":{"loc":{"start":{"line":1,"column":158},"end":{"line":1,"column":199}},"type":"binary-expr","locations":[{"start":{"line":1,"column":158},"end":{"line":1,"column":175}},{"start":{"line":1,"column":179},"end":{"line":1,"column":199}}],"line":1},"2":{"loc":{"start":{"line":2,"column":73},"end":{"line":2,"column":127}},"type":"if","locations":[{"start":{"line":2,"column":73},"end":{"line":2,"column":127}},{"start":{"line":2,"column":73},"end":{"line":2,"column":127}}],"line":2},"3":{"loc":{"start":{"line":2,"column":77},"end":{"line":2,"column":118}},"type":"binary-expr","locations":[{"start":{"line":2,"column":77},"end":{"line":2,"column":94}},{"start":{"line":2,"column":98},"end":{"line":2,"column":118}}],"line":2},"4":{"loc":{"start":{"line":3,"column":94},"end":{"line":3,"column":148}},"type":"if","locations":[{"start":{"line":3,"column":94},"end":{"line":3,"column":148}},{"start":{"line":3,"column":94},"end":{"line":3,"column":148}}],"line":3},"5":{"loc":{"start":{"line":3,"column":98},"end":{"line":3,"column":139}},"type":"binary-expr","locations":[{"start":{"line":3,"column":98},"end":{"line":3,"column":115}},{"start":{"line":3,"column":119},"end":{"line":3,"column":139}}],"line":3},"6":{"loc":{"start":{"line":4,"column":79},"end":{"line":4,"column":133}},"type":"if","locations":[{"start":{"line":4,"column":79},"end":{"line":4,"column":133}},{"start":{"line":4,"column":79},"end":{"line":4,"column":133}}],"line":4},"7":{"loc":{"start":{"line":4,"column":83},"end":{"line":4,"column":124}},"type":"binary-expr","locations":[{"start":{"line":4,"column":83},"end":{"line":4,"column":100}},{"start":{"line":4,"column":104},"end":{"line":4,"column":124}}],"line":4},"8":{"loc":{"start":{"line":5,"column":76},"end":{"line":5,"column":130}},"type":"if","locations":[{"start":{"line":5,"column":76},"end":{"line":5,"column":130}},{"start":{"line":5,"column":76},"end":{"line":5,"column":130}}],"line":5},"9":{"loc":{"start":{"line":5,"column":80},"end":{"line":5,"column":121}},"type":"binary-expr","locations":[{"start":{"line":5,"column":80},"end":{"line":5,"column":97}},{"start":{"line":5,"column":101},"end":{"line":5,"column":121}}],"line":5},"10":{"loc":{"start":{"line":6,"column":103},"end":{"line":6,"column":157}},"type":"if","locations":[{"start":{"line":6,"column":103},"end":{"line":6,"column":157}},{"start":{"line":6,"column":103},"end":{"line":6,"column":157}}],"line":6},"11":{"loc":{"start":{"line":6,"column":107},"end":{"line":6,"column":148}},"type":"binary-expr","locations":[{"start":{"line":6,"column":107},"end":{"line":6,"column":124}},{"start":{"line":6,"column":128},"end":{"line":6,"column":148}}],"line":6}},"s":{"0":1,"1":1,"2":1,"3":1,"4":0,"5":1,"6":5,"7":1,"8":1,"9":1,"10":0,"11":1,"12":3,"13":1,"14":1,"15":1,"16":0,"17":1,"18":16,"19":1,"20":1,"21":1,"22":0,"23":1,"24":1,"25":1,"26":1,"27":1,"28":0,"29":1,"30":9,"31":1,"32":1,"33":1,"34":0,"35":1,"36":0},"f":{"0":1,"1":5,"2":1,"3":3,"4":1,"5":16,"6":1,"7":1,"8":1,"9":9,"10":1,"11":0},"b":{"0":[0,1],"1":[1,1],"2":[0,1],"3":[1,1],"4":[0,1],"5":[1,1],"6":[0,1],"7":[1,1],"8":[0,1],"9":[1,1],"10":[0,1],"11":[1,1]},"_coverageSchema":"332fd63041d2c1bcb487cc26dd0d5f7d97098a6c","hash":"8fcc8f31b18cd6f1f9ddf647c860078c756b862b"}
}
