TN:
SF:/Users/bryanbrazalesmolina/Desktop/cpen321/CPEN321_CUP_O_JAVA/rental_tinder/src/components/LoginForm.js
FN:9,(anonymous_0)
FN:10,LoginForm
FN:17,_callee
FN:17,_callee$
FN:24,_callee2
FN:24,_callee2$
FN:44,(anonymous_6)
FN:45,(anonymous_7)
FN:53,(anonymous_8)
FN:57,(anonymous_9)
FN:60,(anonymous_10)
FN:65,componentDidMount
FN:65,render
FN:109,onChangeText
FN:121,onChangeText
FN:136,onPress
FNF:16
FNH:6
FNDA:1,(anonymous_0)
FNDA:1,LoginForm
FNDA:1,_callee
FNDA:1,_callee$
FNDA:0,_callee2
FNDA:0,_callee2$
FNDA:0,(anonymous_6)
FNDA:0,(anonymous_7)
FNDA:0,(anonymous_8)
FNDA:0,(anonymous_9)
FNDA:0,(anonymous_10)
FNDA:1,componentDidMount
FNDA:1,render
FNDA:0,onChangeText
FNDA:0,onChangeText
FNDA:0,onPress
DA:1,1
DA:2,1
DA:3,1
DA:7,1
DA:9,1
DA:10,1
DA:11,1
DA:17,1
DA:18,0
DA:20,0
DA:21,1
DA:24,0
DA:26,0
DA:27,0
DA:28,0
DA:33,0
DA:44,0
DA:47,0
DA:49,0
DA:52,0
DA:53,0
DA:56,0
DA:57,0
DA:61,0
DA:62,0
DA:65,1
DA:98,1
DA:99,1
DA:109,0
DA:121,0
DA:136,0
DA:143,1
DA:145,1
LF:33
LH:14
BRDA:17,0,0,1
BRDA:17,0,1,0
BRDA:17,0,2,0
BRDA:17,0,3,0
BRDA:20,1,0,0
BRDA:20,1,1,0
BRDA:24,2,0,0
BRDA:24,2,1,0
BRDA:24,2,2,0
BRDA:26,3,0,0
BRDA:26,3,1,0
BRDA:47,4,0,0
BRDA:47,4,1,0
BRF:13
BRH:1
end_of_record
TN:
SF:/Users/bryanbrazalesmolina/Desktop/cpen321/CPEN321_CUP_O_JAVA/rental_tinder/src/components/PostForm.js
FN:11,(anonymous_0)
FN:13,PostForm
FN:39,(anonymous_2)
FN:41,(anonymous_3)
FN:43,(anonymous_4)
FN:45,(anonymous_5)
FN:47,(anonymous_6)
FN:53,(anonymous_7)
FN:130,_callee
FN:130,_callee$
FN:146,(anonymous_10)
FN:147,(anonymous_11)
FN:157,(anonymous_12)
FN:183,validate_address
FN:183,validate_roomNumber
FN:183,render
FN:183,onChangeText
FN:183,onChangeText
FN:183,onChangeText
FNF:19
FNH:3
FNDA:1,(anonymous_0)
FNDA:1,PostForm
FNDA:0,(anonymous_2)
FNDA:0,(anonymous_3)
FNDA:0,(anonymous_4)
FNDA:0,(anonymous_5)
FNDA:0,(anonymous_6)
FNDA:0,(anonymous_7)
FNDA:0,_callee
FNDA:0,_callee$
FNDA:0,(anonymous_10)
FNDA:0,(anonymous_11)
FNDA:0,(anonymous_12)
FNDA:0,validate_address
FNDA:0,validate_roomNumber
FNDA:1,render
FNDA:0,onChangeText
FNDA:0,onChangeText
FNDA:0,onChangeText
DA:1,1
DA:2,1
DA:3,1
DA:5,1
DA:8,1
DA:9,1
DA:11,1
DA:13,1
DA:14,1
DA:39,1
DA:41,1
DA:43,1
DA:45,1
DA:48,0
DA:49,0
DA:51,1
DA:54,0
DA:55,0
DA:56,1
DA:130,0
DA:133,0
DA:136,0
DA:138,0
DA:146,0
DA:149,0
DA:151,0
DA:153,0
DA:155,0
DA:158,0
DA:163,0
DA:164,0
DA:168,0
DA:169,0
DA:174,0
DA:175,0
DA:183,1
DA:189,1
LF:37
LH:17
BRDA:130,0,0,0
BRDA:130,0,1,0
BRDA:130,0,2,0
BRDA:130,0,3,0
BRDA:130,0,4,0
BRDA:136,1,0,0
BRDA:136,1,1,0
BRDA:136,2,0,0
BRDA:136,2,1,0
BRDA:149,3,0,0
BRDA:149,3,1,0
BRDA:153,4,0,0
BRDA:153,4,1,0
BRDA:163,5,0,0
BRDA:163,5,1,0
BRDA:163,6,0,0
BRDA:163,6,1,0
BRDA:168,7,0,0
BRDA:168,7,1,0
BRDA:174,8,0,0
BRDA:174,8,1,0
BRDA:183,9,0,0
BRDA:183,9,1,0
BRDA:183,10,0,0
BRDA:183,10,1,0
BRDA:183,11,0,0
BRDA:183,11,1,0
BRF:27
BRH:0
end_of_record
TN:
SF:/Users/bryanbrazalesmolina/Desktop/cpen321/CPEN321_CUP_O_JAVA/rental_tinder/src/components/SignupForm.js
FN:7,(anonymous_0)
FN:9,SignupForm
FN:100,_callee
FN:100,_callee$
FN:119,(anonymous_4)
FN:145,validate_username
FN:145,validate_password
FN:145,render
FN:145,onChangeText
FN:145,onChangeText
FN:145,onChangeText
FN:145,onChangeText
FN:145,onPress
FNF:13
FNH:3
FNDA:1,(anonymous_0)
FNDA:1,SignupForm
FNDA:0,_callee
FNDA:0,_callee$
FNDA:0,(anonymous_4)
FNDA:0,validate_username
FNDA:0,validate_password
FNDA:1,render
FNDA:0,onChangeText
FNDA:0,onChangeText
FNDA:0,onChangeText
FNDA:0,onChangeText
FNDA:0,onPress
DA:1,1
DA:2,1
DA:3,1
DA:5,1
DA:7,1
DA:9,1
DA:10,1
DA:14,1
DA:100,0
DA:102,0
DA:105,0
DA:107,0
DA:112,0
DA:119,0
DA:120,0
DA:124,0
DA:126,0
DA:130,0
DA:131,0
DA:136,0
DA:137,0
DA:145,1
DA:150,1
LF:23
LH:10
BRDA:100,0,0,0
BRDA:100,0,1,0
BRDA:100,0,2,0
BRDA:100,0,3,0
BRDA:100,0,4,0
BRDA:105,1,0,0
BRDA:105,1,1,0
BRDA:105,2,0,0
BRDA:105,2,1,0
BRDA:124,3,0,0
BRDA:124,3,1,0
BRDA:124,4,0,0
BRDA:124,4,1,0
BRDA:130,5,0,0
BRDA:130,5,1,0
BRDA:136,6,0,0
BRDA:136,6,1,0
BRDA:145,7,0,0
BRDA:145,7,1,0
BRDA:145,8,0,0
BRDA:145,8,1,0
BRDA:145,9,0,0
BRDA:145,9,1,0
BRF:23
BRH:0
end_of_record
TN:
SF:/Users/bryanbrazalesmolina/Desktop/cpen321/CPEN321_CUP_O_JAVA/rental_tinder/src/components/profile.js
FN:9,(anonymous_0)
FN:10,profile
FN:26,(anonymous_2)
FN:31,(anonymous_3)
FN:36,(anonymous_4)
FN:39,_callee
FN:39,_callee$
FN:52,componentDidMount
FN:52,componentWillUnmount
FN:52,render
FN:71,onPress
FNF:11
FNH:1
FNDA:1,(anonymous_0)
FNDA:0,profile
FNDA:0,(anonymous_2)
FNDA:0,(anonymous_3)
FNDA:0,(anonymous_4)
FNDA:0,_callee
FNDA:0,_callee$
FNDA:0,componentDidMount
FNDA:0,componentWillUnmount
FNDA:0,render
FNDA:0,onPress
DA:1,1
DA:2,1
DA:3,1
DA:4,1
DA:6,1
DA:8,1
DA:9,1
DA:10,0
DA:11,0
DA:27,0
DA:30,0
DA:32,0
DA:33,0
DA:35,0
DA:38,0
DA:39,0
DA:45,0
DA:47,0
DA:49,0
DA:51,0
DA:52,1
DA:58,0
DA:61,0
DA:62,0
DA:71,0
DA:102,1
DA:105,1
LF:27
LH:10
BRDA:39,0,0,0
BRDA:39,0,1,0
BRDA:39,0,2,0
BRDA:39,0,3,0
BRDA:39,0,4,0
BRDA:49,1,0,0
BRDA:49,1,1,0
BRF:7
BRH:0
end_of_record
TN:
SF:/Users/bryanbrazalesmolina/Desktop/cpen321/CPEN321_CUP_O_JAVA/rental_tinder/src/components/common/Button.js
FN:4,Button
FNF:1
FNH:1
FNDA:5,Button
DA:1,1
DA:2,1
DA:4,5
DA:5,5
DA:7,5
DA:14,1
DA:16,1
LF:7
LH:7
BRF:0
BRH:0
end_of_record
TN:
SF:/Users/bryanbrazalesmolina/Desktop/cpen321/CPEN321_CUP_O_JAVA/rental_tinder/src/components/common/Card.js
FN:4,Card
FNF:1
FNH:1
FNDA:3,Card
DA:1,1
DA:2,1
DA:4,1
DA:5,3
DA:10,1
DA:12,1
LF:6
LH:6
BRF:0
BRH:0
end_of_record
TN:
SF:/Users/bryanbrazalesmolina/Desktop/cpen321/CPEN321_CUP_O_JAVA/rental_tinder/src/components/common/CardSection.js
FN:4,CardSection
FNF:1
FNH:1
FNDA:16,CardSection
DA:1,1
DA:2,1
DA:4,1
DA:5,16
DA:10,1
DA:12,1
LF:6
LH:6
BRF:0
BRH:0
end_of_record
TN:
SF:/Users/bryanbrazalesmolina/Desktop/cpen321/CPEN321_CUP_O_JAVA/rental_tinder/src/components/common/Header.js
FN:6,Header
FNF:1
FNH:1
FNDA:1,Header
DA:1,1
DA:2,1
DA:3,1
DA:6,1
DA:7,1
DA:9,1
DA:14,1
DA:16,1
LF:8
LH:8
BRF:0
BRH:0
end_of_record
TN:
SF:/Users/bryanbrazalesmolina/Desktop/cpen321/CPEN321_CUP_O_JAVA/rental_tinder/src/components/common/Input.js
FN:4,Input
FNF:1
FNH:1
FNDA:9,Input
DA:1,1
DA:2,1
DA:4,9
DA:5,9
DA:7,9
DA:21,1
DA:23,1
LF:7
LH:7
BRF:0
BRH:0
end_of_record
TN:
SF:/Users/bryanbrazalesmolina/Desktop/cpen321/CPEN321_CUP_O_JAVA/rental_tinder/src/components/common/Welcome_header.js
FN:6,Welcome_header
FNF:1
FNH:0
FNDA:0,Welcome_header
DA:1,1
DA:2,1
DA:3,1
DA:6,1
DA:7,0
DA:9,0
DA:14,1
DA:16,1
LF:8
LH:6
BRF:0
BRH:0
end_of_record
TN:
SF:/Users/bryanbrazalesmolina/Desktop/cpen321/CPEN321_CUP_O_JAVA/rental_tinder/src/components/common/index.js
FN:1,(anonymous_0)
FN:1,get
FN:2,(anonymous_2)
FN:2,get
FN:3,(anonymous_4)
FN:3,get
FN:4,(anonymous_6)
FN:4,get
FN:5,(anonymous_8)
FN:5,get
FN:6,(anonymous_10)
FN:6,get
FNF:12
FNH:11
FNDA:1,(anonymous_0)
FNDA:5,get
FNDA:1,(anonymous_2)
FNDA:3,get
FNDA:1,(anonymous_4)
FNDA:16,get
FNDA:1,(anonymous_6)
FNDA:1,get
FNDA:1,(anonymous_8)
FNDA:9,get
FNDA:1,(anonymous_10)
FNDA:0,get
DA:1,5
DA:2,3
DA:3,16
DA:4,1
DA:5,9
DA:6,1
LF:6
LH:6
BRDA:1,0,0,0
BRDA:1,0,1,1
BRDA:1,1,0,1
BRDA:1,1,1,1
BRDA:2,2,0,0
BRDA:2,2,1,1
BRDA:2,3,0,1
BRDA:2,3,1,1
BRDA:3,4,0,0
BRDA:3,4,1,1
BRDA:3,5,0,1
BRDA:3,5,1,1
BRDA:4,6,0,0
BRDA:4,6,1,1
BRDA:4,7,0,1
BRDA:4,7,1,1
BRDA:5,8,0,0
BRDA:5,8,1,1
BRDA:5,9,0,1
BRDA:5,9,1,1
BRDA:6,10,0,0
BRDA:6,10,1,1
BRDA:6,11,0,1
BRDA:6,11,1,1
BRF:24
BRH:18
end_of_record
