{"/Users/gazishafiulhoque/Desktop/CPEN321_CUP_O_JAVA/BackEnd/BackEnd/test/app.js":{"path":"/Users/gazishafiulhoque/Desktop/CPEN321_CUP_O_JAVA/BackEnd/BackEnd/test/app.js","s":{"1":1,"2":1,"3":1,"4":1,"5":1,"6":1,"7":1,"8":1,"9":1,"10":1,"11":1,"12":1,"13":1,"14":1,"15":1,"16":1,"17":1,"18":0,"19":1,"20":1,"21":1,"22":1,"23":1,"24":1,"25":1,"26":1,"27":0,"28":1,"29":1,"30":1,"31":1,"32":1,"33":1,"34":1,"35":1,"36":1,"37":1,"38":1,"39":1,"40":1,"41":1,"42":1,"43":1,"44":1,"45":1,"46":1,"47":1,"48":1,"49":1,"50":1,"51":1,"52":1,"53":1,"54":1,"55":1,"56":1,"57":1,"58":1,"59":1,"60":1,"61":1},"b":{"1":[0,1]},"f":{"1":1,"2":1,"3":1,"4":1,"5":0,"6":1,"7":1,"8":1,"9":1,"10":1,"11":1,"12":1,"13":1,"14":1,"15":1,"16":1,"17":1,"18":1,"19":1,"20":1,"21":1,"22":1,"23":1,"24":1,"25":1,"26":1},"fnMap":{"1":{"name":"(anonymous_1)","line":71,"loc":{"start":{"line":71,"column":20},"end":{"line":71,"column":30}}},"2":{"name":"(anonymous_2)","line":72,"loc":{"start":{"line":72,"column":32},"end":{"line":72,"column":42}}},"3":{"name":"(anonymous_3)","line":76,"loc":{"start":{"line":76,"column":17},"end":{"line":76,"column":35}}},"4":{"name":"(anonymous_4)","line":91,"loc":{"start":{"line":91,"column":49},"end":{"line":91,"column":59}}},"5":{"name":"(anonymous_5)","line":95,"loc":{"start":{"line":95,"column":17},"end":{"line":95,"column":35}}},"6":{"name":"(anonymous_6)","line":110,"loc":{"start":{"line":110,"column":19},"end":{"line":110,"column":29}}},"7":{"name":"(anonymous_7)","line":111,"loc":{"start":{"line":111,"column":27},"end":{"line":111,"column":37}}},"8":{"name":"(anonymous_8)","line":113,"loc":{"start":{"line":113,"column":48},"end":{"line":113,"column":58}}},"9":{"name":"(anonymous_9)","line":117,"loc":{"start":{"line":117,"column":17},"end":{"line":117,"column":35}}},"10":{"name":"(anonymous_10)","line":124,"loc":{"start":{"line":124,"column":49},"end":{"line":124,"column":59}}},"11":{"name":"(anonymous_11)","line":128,"loc":{"start":{"line":128,"column":21},"end":{"line":128,"column":39}}},"12":{"name":"(anonymous_12)","line":136,"loc":{"start":{"line":136,"column":30},"end":{"line":136,"column":40}}},"13":{"name":"(anonymous_13)","line":137,"loc":{"start":{"line":137,"column":78},"end":{"line":137,"column":88}}},"14":{"name":"(anonymous_14)","line":141,"loc":{"start":{"line":141,"column":21},"end":{"line":141,"column":39}}},"15":{"name":"(anonymous_15)","line":162,"loc":{"start":{"line":162,"column":18},"end":{"line":162,"column":28}}},"16":{"name":"(anonymous_16)","line":163,"loc":{"start":{"line":163,"column":36},"end":{"line":163,"column":46}}},"17":{"name":"(anonymous_17)","line":165,"loc":{"start":{"line":165,"column":46},"end":{"line":165,"column":56}}},"18":{"name":"(anonymous_18)","line":169,"loc":{"start":{"line":169,"column":21},"end":{"line":169,"column":39}}},"19":{"name":"(anonymous_19)","line":177,"loc":{"start":{"line":177,"column":49},"end":{"line":177,"column":59}}},"20":{"name":"(anonymous_20)","line":181,"loc":{"start":{"line":181,"column":21},"end":{"line":181,"column":39}}},"21":{"name":"(anonymous_21)","line":213,"loc":{"start":{"line":213,"column":35},"end":{"line":213,"column":45}}},"22":{"name":"(anonymous_22)","line":214,"loc":{"start":{"line":214,"column":64},"end":{"line":214,"column":74}}},"23":{"name":"(anonymous_23)","line":218,"loc":{"start":{"line":218,"column":21},"end":{"line":218,"column":39}}},"24":{"name":"(anonymous_24)","line":234,"loc":{"start":{"line":234,"column":20},"end":{"line":234,"column":30}}},"25":{"name":"(anonymous_25)","line":235,"loc":{"start":{"line":235,"column":44},"end":{"line":235,"column":54}}},"26":{"name":"(anonymous_26)","line":239,"loc":{"start":{"line":239,"column":11},"end":{"line":239,"column":28}}}},"statementMap":{"1":{"start":{"line":1,"column":0},"end":{"line":1,"column":27}},"2":{"start":{"line":2,"column":0},"end":{"line":2,"column":25}},"3":{"start":{"line":3,"column":0},"end":{"line":3,"column":32}},"4":{"start":{"line":5,"column":0},"end":{"line":5,"column":25}},"5":{"start":{"line":6,"column":0},"end":{"line":6,"column":36}},"6":{"start":{"line":9,"column":0},"end":{"line":9,"column":19}},"7":{"start":{"line":11,"column":0},"end":{"line":14,"column":2}},"8":{"start":{"line":16,"column":0},"end":{"line":23,"column":2}},"9":{"start":{"line":25,"column":0},"end":{"line":32,"column":2}},"10":{"start":{"line":34,"column":0},"end":{"line":41,"column":2}},"11":{"start":{"line":43,"column":0},"end":{"line":50,"column":2}},"12":{"start":{"line":52,"column":0},"end":{"line":62,"column":2}},"13":{"start":{"line":64,"column":0},"end":{"line":66,"column":1}},"14":{"start":{"line":71,"column":0},"end":{"line":104,"column":3}},"15":{"start":{"line":72,"column":4},"end":{"line":90,"column":7}},"16":{"start":{"line":73,"column":8},"end":{"line":89,"column":15}},"17":{"start":{"line":77,"column":16},"end":{"line":77,"column":42}},"18":{"start":{"line":77,"column":25},"end":{"line":77,"column":42}},"19":{"start":{"line":78,"column":16},"end":{"line":78,"column":44}},"20":{"start":{"line":79,"column":16},"end":{"line":79,"column":40}},"21":{"start":{"line":83,"column":16},"end":{"line":83,"column":48}},"22":{"start":{"line":84,"column":16},"end":{"line":84,"column":48}},"23":{"start":{"line":85,"column":16},"end":{"line":85,"column":46}},"24":{"start":{"line":87,"column":16},"end":{"line":87,"column":59}},"25":{"start":{"line":91,"column":4},"end":{"line":99,"column":7}},"26":{"start":{"line":92,"column":8},"end":{"line":98,"column":15}},"27":{"start":{"line":97,"column":16},"end":{"line":97,"column":59}},"28":{"start":{"line":110,"column":0},"end":{"line":154,"column":4}},"29":{"start":{"line":111,"column":4},"end":{"line":133,"column":8}},"30":{"start":{"line":113,"column":8},"end":{"line":122,"column":11}},"31":{"start":{"line":114,"column":12},"end":{"line":121,"column":15}},"32":{"start":{"line":118,"column":14},"end":{"line":118,"column":51}},"33":{"start":{"line":124,"column":8},"end":{"line":132,"column":11}},"34":{"start":{"line":125,"column":12},"end":{"line":131,"column":19}},"35":{"start":{"line":130,"column":20},"end":{"line":130,"column":57}},"36":{"start":{"line":136,"column":4},"end":{"line":152,"column":7}},"37":{"start":{"line":137,"column":8},"end":{"line":151,"column":11}},"38":{"start":{"line":138,"column":12},"end":{"line":150,"column":19}},"39":{"start":{"line":146,"column":20},"end":{"line":146,"column":79}},"40":{"start":{"line":147,"column":20},"end":{"line":147,"column":64}},"41":{"start":{"line":162,"column":1},"end":{"line":229,"column":4}},"42":{"start":{"line":163,"column":4},"end":{"line":200,"column":7}},"43":{"start":{"line":165,"column":8},"end":{"line":174,"column":11}},"44":{"start":{"line":166,"column":12},"end":{"line":173,"column":19}},"45":{"start":{"line":171,"column":20},"end":{"line":171,"column":61}},"46":{"start":{"line":172,"column":20},"end":{"line":172,"column":74}},"47":{"start":{"line":177,"column":8},"end":{"line":186,"column":11}},"48":{"start":{"line":178,"column":12},"end":{"line":185,"column":19}},"49":{"start":{"line":182,"column":20},"end":{"line":182,"column":42}},"50":{"start":{"line":183,"column":20},"end":{"line":183,"column":61}},"51":{"start":{"line":184,"column":20},"end":{"line":184,"column":77}},"52":{"start":{"line":213,"column":4},"end":{"line":225,"column":7}},"53":{"start":{"line":214,"column":8},"end":{"line":224,"column":11}},"54":{"start":{"line":215,"column":12},"end":{"line":222,"column":19}},"55":{"start":{"line":219,"column":20},"end":{"line":219,"column":60}},"56":{"start":{"line":221,"column":20},"end":{"line":221,"column":85}},"57":{"start":{"line":234,"column":0},"end":{"line":244,"column":3}},"58":{"start":{"line":235,"column":4},"end":{"line":243,"column":7}},"59":{"start":{"line":236,"column":6},"end":{"line":242,"column":9}},"60":{"start":{"line":240,"column":8},"end":{"line":240,"column":48}},"61":{"start":{"line":241,"column":8},"end":{"line":241,"column":30}}},"branchMap":{"1":{"line":77,"type":"if","locations":[{"start":{"line":77,"column":16},"end":{"line":77,"column":16}},{"start":{"line":77,"column":16},"end":{"line":77,"column":16}}]}}}}