TN:
SF:/Users/gazishafiulhoque/Desktop/Moccha/BackEnd/test/app.js
FN:71,(anonymous_1)
FN:72,(anonymous_2)
FN:76,(anonymous_3)
FN:91,(anonymous_4)
FN:95,(anonymous_5)
FN:110,(anonymous_6)
FN:111,(anonymous_7)
FN:113,(anonymous_8)
FN:117,(anonymous_9)
FN:124,(anonymous_10)
FN:128,(anonymous_11)
FN:136,(anonymous_12)
FN:137,(anonymous_13)
FN:141,(anonymous_14)
FN:160,(anonymous_15)
FN:161,(anonymous_16)
FN:163,(anonymous_17)
FN:167,(anonymous_18)
FN:175,(anonymous_19)
FN:179,(anonymous_20)
FN:211,(anonymous_21)
FN:212,(anonymous_22)
FN:216,(anonymous_23)
FN:232,(anonymous_24)
FN:233,(anonymous_25)
FN:237,(anonymous_26)
FNF:26
FNH:26
FNDA:1,(anonymous_1)
FNDA:1,(anonymous_2)
FNDA:1,(anonymous_3)
FNDA:1,(anonymous_4)
FNDA:1,(anonymous_5)
FNDA:1,(anonymous_6)
FNDA:1,(anonymous_7)
FNDA:1,(anonymous_8)
FNDA:1,(anonymous_9)
FNDA:1,(anonymous_10)
FNDA:1,(anonymous_11)
FNDA:1,(anonymous_12)
FNDA:1,(anonymous_13)
FNDA:1,(anonymous_14)
FNDA:1,(anonymous_15)
FNDA:1,(anonymous_16)
FNDA:1,(anonymous_17)
FNDA:1,(anonymous_18)
FNDA:1,(anonymous_19)
FNDA:1,(anonymous_20)
FNDA:1,(anonymous_21)
FNDA:1,(anonymous_22)
FNDA:1,(anonymous_23)
FNDA:1,(anonymous_24)
FNDA:1,(anonymous_25)
FNDA:1,(anonymous_26)
DA:1,1
DA:2,1
DA:3,1
DA:5,1
DA:6,1
DA:9,1
DA:11,1
DA:16,1
DA:25,1
DA:34,1
DA:43,1
DA:52,1
DA:64,1
DA:71,1
DA:72,1
DA:73,1
DA:77,1
DA:78,1
DA:79,1
DA:83,1
DA:84,1
DA:85,1
DA:87,1
DA:91,1
DA:92,1
DA:97,1
DA:110,1
DA:111,1
DA:113,1
DA:114,1
DA:118,1
DA:124,1
DA:125,1
DA:130,1
DA:136,1
DA:137,1
DA:138,1
DA:146,1
DA:160,1
DA:161,1
DA:163,1
DA:164,1
DA:169,1
DA:170,1
DA:175,1
DA:176,1
DA:180,1
DA:181,1
DA:182,1
DA:211,1
DA:212,1
DA:213,1
DA:217,1
DA:219,1
DA:232,1
DA:233,1
DA:234,1
DA:238,1
DA:239,1
LF:59
LH:59
BRDA:77,1,0,0
BRDA:77,1,1,1
BRF:2
BRH:1
end_of_record
